{"C:\\Users\\Oxana\\Documents\\OPENCLASS\\projets\\green_api\\src\\App.jsx": {"path":"C:\\Users\\Oxana\\Documents\\OPENCLASS\\projets\\green_api\\src\\App.jsx","statementMap":{"0":{"start":{"line":9,"column":40},"end":{"line":9,"column":54}},"1":{"start":{"line":10,"column":2},"end":{"line":19,"column":4}}},"fnMap":{"0":{"name":"App","decl":{"start":{"line":8,"column":9},"end":{"line":8,"column":12}},"loc":{"start":{"line":8,"column":15},"end":{"line":20,"column":1}},"line":8}},"branchMap":{},"s":{"0":0,"1":0},"f":{"0":0},"b":{}}
,"C:\\Users\\Oxana\\Documents\\OPENCLASS\\projets\\green_api\\src\\main.jsx": {"path":"C:\\Users\\Oxana\\Documents\\OPENCLASS\\projets\\green_api\\src\\main.jsx","statementMap":{"0":{"start":{"line":6,"column":0},"end":{"line":10,"column":2}}},"fnMap":{},"branchMap":{},"s":{"0":0},"f":{},"b":{}}
,"C:\\Users\\Oxana\\Documents\\OPENCLASS\\projets\\green_api\\src\\components\\ChatConversation\\ChatConversation.jsx": {"path":"C:\\Users\\Oxana\\Documents\\OPENCLASS\\projets\\green_api\\src\\components\\ChatConversation\\ChatConversation.jsx","statementMap":{"0":{"start":{"line":5,"column":25},"end":{"line":178,"column":1}},"1":{"start":{"line":6,"column":36},"end":{"line":6,"column":51}},"2":{"start":{"line":7,"column":19},"end":{"line":7,"column":86}},"3":{"start":{"line":7,"column":60},"end":{"line":7,"column":85}},"4":{"start":{"line":9,"column":2},"end":{"line":177,"column":4}},"5":{"start":{"line":26,"column":32},"end":{"line":26,"column":99}},"6":{"start":{"line":26,"column":61},"end":{"line":26,"column":71}},"7":{"start":{"line":84,"column":16},"end":{"line":96,"column":18}},"8":{"start":{"line":112,"column":36},"end":{"line":112,"column":107}},"9":{"start":{"line":112,"column":96},"end":{"line":112,"column":106}},"10":{"start":{"line":146,"column":36},"end":{"line":146,"column":56}}},"fnMap":{"0":{"name":"(anonymous_0)","decl":{"start":{"line":5,"column":25},"end":{"line":5,"column":26}},"loc":{"start":{"line":5,"column":159},"end":{"line":178,"column":1}},"line":5},"1":{"name":"(anonymous_1)","decl":{"start":{"line":7,"column":50},"end":{"line":7,"column":51}},"loc":{"start":{"line":7,"column":60},"end":{"line":7,"column":85}},"line":7},"2":{"name":"(anonymous_2)","decl":{"start":{"line":26,"column":25},"end":{"line":26,"column":26}},"loc":{"start":{"line":26,"column":32},"end":{"line":26,"column":99}},"line":26},"3":{"name":"(anonymous_3)","decl":{"start":{"line":26,"column":46},"end":{"line":26,"column":47}},"loc":{"start":{"line":26,"column":61},"end":{"line":26,"column":71}},"line":26},"4":{"name":"(anonymous_4)","decl":{"start":{"line":83,"column":28},"end":{"line":83,"column":29}},"loc":{"start":{"line":83,"column":48},"end":{"line":97,"column":15}},"line":83},"5":{"name":"(anonymous_5)","decl":{"start":{"line":112,"column":28},"end":{"line":112,"column":29}},"loc":{"start":{"line":112,"column":36},"end":{"line":112,"column":107}},"line":112},"6":{"name":"(anonymous_6)","decl":{"start":{"line":112,"column":81},"end":{"line":112,"column":82}},"loc":{"start":{"line":112,"column":96},"end":{"line":112,"column":106}},"line":112},"7":{"name":"(anonymous_7)","decl":{"start":{"line":146,"column":29},"end":{"line":146,"column":30}},"loc":{"start":{"line":146,"column":36},"end":{"line":146,"column":56}},"line":146}},"branchMap":{"0":{"loc":{"start":{"line":7,"column":20},"end":{"line":7,"column":43}},"type":"binary-expr","locations":[{"start":{"line":7,"column":20},"end":{"line":7,"column":37}},{"start":{"line":7,"column":41},"end":{"line":7,"column":43}}],"line":7},"1":{"loc":{"start":{"line":11,"column":7},"end":{"line":175,"column":7}},"type":"binary-expr","locations":[{"start":{"line":11,"column":7},"end":{"line":11,"column":17}},{"start":{"line":12,"column":8},"end":{"line":174,"column":18}}],"line":11},"2":{"loc":{"start":{"line":15,"column":13},"end":{"line":31,"column":13}},"type":"binary-expr","locations":[{"start":{"line":15,"column":13},"end":{"line":15,"column":18}},{"start":{"line":16,"column":14},"end":{"line":30,"column":20}}],"line":15},"3":{"loc":{"start":{"line":134,"column":17},"end":{"line":170,"column":17}},"type":"cond-expr","locations":[{"start":{"line":136,"column":18},"end":{"line":150,"column":24}},{"start":{"line":153,"column":18},"end":{"line":169,"column":24}}],"line":134}},"s":{"0":0,"1":0,"2":0,"3":0,"4":0,"5":0,"6":0,"7":0,"8":0,"9":0,"10":0},"f":{"0":0,"1":0,"2":0,"3":0,"4":0,"5":0,"6":0,"7":0},"b":{"0":[0,0],"1":[0,0],"2":[0,0],"3":[0,0]}}
,"C:\\Users\\Oxana\\Documents\\OPENCLASS\\projets\\green_api\\src\\components\\ChatFilter\\ChatFilter.jsx": {"path":"C:\\Users\\Oxana\\Documents\\OPENCLASS\\projets\\green_api\\src\\components\\ChatFilter\\ChatFilter.jsx","statementMap":{"0":{"start":{"line":4,"column":19},"end":{"line":31,"column":1}},"1":{"start":{"line":5,"column":2},"end":{"line":30,"column":4}}},"fnMap":{"0":{"name":"(anonymous_0)","decl":{"start":{"line":4,"column":19},"end":{"line":4,"column":20}},"loc":{"start":{"line":4,"column":25},"end":{"line":31,"column":1}},"line":4}},"branchMap":{},"s":{"0":1,"1":4},"f":{"0":4},"b":{},"_coverageSchema":"1a1c01bbd47fc00a2c39e90264f33305004495a9","hash":"eebec1699a8987d88afd521029a4c2154ba3c822"}
,"C:\\Users\\Oxana\\Documents\\OPENCLASS\\projets\\green_api\\src\\components\\ChatForm\\ChatForm.jsx": {"path":"C:\\Users\\Oxana\\Documents\\OPENCLASS\\projets\\green_api\\src\\components\\ChatForm\\ChatForm.jsx","statementMap":{"0":{"start":{"line":4,"column":17},"end":{"line":81,"column":1}},"1":{"start":{"line":5,"column":2},"end":{"line":80,"column":4}},"2":{"start":{"line":35,"column":27},"end":{"line":35,"column":57}}},"fnMap":{"0":{"name":"(anonymous_0)","decl":{"start":{"line":4,"column":17},"end":{"line":4,"column":18}},"loc":{"start":{"line":4,"column":98},"end":{"line":81,"column":1}},"line":4},"1":{"name":"(anonymous_1)","decl":{"start":{"line":35,"column":20},"end":{"line":35,"column":21}},"loc":{"start":{"line":35,"column":27},"end":{"line":35,"column":57}},"line":35}},"branchMap":{},"s":{"0":0,"1":0,"2":0},"f":{"0":0,"1":0},"b":{}}
,"C:\\Users\\Oxana\\Documents\\OPENCLASS\\projets\\green_api\\src\\components\\ChatHeader\\ChatHeader.jsx": {"path":"C:\\Users\\Oxana\\Documents\\OPENCLASS\\projets\\green_api\\src\\components\\ChatHeader\\ChatHeader.jsx","statementMap":{"0":{"start":{"line":4,"column":19},"end":{"line":35,"column":1}},"1":{"start":{"line":5,"column":2},"end":{"line":34,"column":4}}},"fnMap":{"0":{"name":"(anonymous_0)","decl":{"start":{"line":4,"column":19},"end":{"line":4,"column":20}},"loc":{"start":{"line":4,"column":47},"end":{"line":35,"column":1}},"line":4}},"branchMap":{},"s":{"0":1,"1":3},"f":{"0":3},"b":{},"_coverageSchema":"1a1c01bbd47fc00a2c39e90264f33305004495a9","hash":"789e4dc6f31400fa46310b54b882a97f0826d1d9"}
,"C:\\Users\\Oxana\\Documents\\OPENCLASS\\projets\\green_api\\src\\components\\ChatSearch\\ChatSearch.jsx": {"path":"C:\\Users\\Oxana\\Documents\\OPENCLASS\\projets\\green_api\\src\\components\\ChatSearch\\ChatSearch.jsx","statementMap":{"0":{"start":{"line":4,"column":19},"end":{"line":18,"column":1}},"1":{"start":{"line":5,"column":40},"end":{"line":5,"column":52}},"2":{"start":{"line":6,"column":2},"end":{"line":17,"column":4}},"3":{"start":{"line":15,"column":122},"end":{"line":15,"column":152}}},"fnMap":{"0":{"name":"(anonymous_0)","decl":{"start":{"line":4,"column":19},"end":{"line":4,"column":20}},"loc":{"start":{"line":4,"column":25},"end":{"line":18,"column":1}},"line":4},"1":{"name":"(anonymous_1)","decl":{"start":{"line":15,"column":115},"end":{"line":15,"column":116}},"loc":{"start":{"line":15,"column":122},"end":{"line":15,"column":152}},"line":15}},"branchMap":{},"s":{"0":1,"1":5,"2":5,"3":1},"f":{"0":5,"1":1},"b":{},"_coverageSchema":"1a1c01bbd47fc00a2c39e90264f33305004495a9","hash":"6af603f608fcbcff9ff046e86d4b13c8b0b57a6d"}
,"C:\\Users\\Oxana\\Documents\\OPENCLASS\\projets\\green_api\\src\\components\\ChatsList\\ChatsList.jsx": {"path":"C:\\Users\\Oxana\\Documents\\OPENCLASS\\projets\\green_api\\src\\components\\ChatsList\\ChatsList.jsx","statementMap":{"0":{"start":{"line":5,"column":18},"end":{"line":27,"column":1}},"1":{"start":{"line":6,"column":2},"end":{"line":26,"column":4}},"2":{"start":{"line":9,"column":25},"end":{"line":9,"column":37}},"3":{"start":{"line":10,"column":32},"end":{"line":10,"column":93}},"4":{"start":{"line":11,"column":21},"end":{"line":11,"column":87}},"5":{"start":{"line":13,"column":8},"end":{"line":23,"column":10}},"6":{"start":{"line":16,"column":75},"end":{"line":16,"column":98}}},"fnMap":{"0":{"name":"(anonymous_0)","decl":{"start":{"line":5,"column":18},"end":{"line":5,"column":19}},"loc":{"start":{"line":5,"column":71},"end":{"line":27,"column":1}},"line":5},"1":{"name":"(anonymous_1)","decl":{"start":{"line":8,"column":30},"end":{"line":8,"column":31}},"loc":{"start":{"line":8,"column":41},"end":{"line":24,"column":7}},"line":8},"2":{"name":"(anonymous_2)","decl":{"start":{"line":16,"column":69},"end":{"line":16,"column":70}},"loc":{"start":{"line":16,"column":75},"end":{"line":16,"column":98}},"line":16}},"branchMap":{"0":{"loc":{"start":{"line":10,"column":32},"end":{"line":10,"column":93}},"type":"cond-expr","locations":[{"start":{"line":10,"column":54},"end":{"line":10,"column":88}},{"start":{"line":10,"column":91},"end":{"line":10,"column":93}}],"line":10},"1":{"loc":{"start":{"line":11,"column":21},"end":{"line":11,"column":87}},"type":"cond-expr","locations":[{"start":{"line":11,"column":43},"end":{"line":11,"column":82}},{"start":{"line":11,"column":85},"end":{"line":11,"column":87}}],"line":11},"2":{"loc":{"start":{"line":14,"column":40},"end":{"line":14,"column":75}},"type":"cond-expr","locations":[{"start":{"line":14,"column":61},"end":{"line":14,"column":70}},{"start":{"line":14,"column":73},"end":{"line":14,"column":75}}],"line":14},"3":{"loc":{"start":{"line":19,"column":21},"end":{"line":19,"column":68}},"type":"cond-expr","locations":[{"start":{"line":19,"column":41},"end":{"line":19,"column":43}},{"start":{"line":19,"column":46},"end":{"line":19,"column":68}}],"line":19}},"s":{"0":0,"1":0,"2":0,"3":0,"4":0,"5":0,"6":0},"f":{"0":0,"1":0,"2":0},"b":{"0":[0,0],"1":[0,0],"2":[0,0],"3":[0,0]}}
,"C:\\Users\\Oxana\\Documents\\OPENCLASS\\projets\\green_api\\src\\components\\EncryptionNotice\\EncryptionNotice.jsx": {"path":"C:\\Users\\Oxana\\Documents\\OPENCLASS\\projets\\green_api\\src\\components\\EncryptionNotice\\EncryptionNotice.jsx","statementMap":{"0":{"start":{"line":4,"column":25},"end":{"line":17,"column":1}},"1":{"start":{"line":5,"column":2},"end":{"line":16,"column":4}}},"fnMap":{"0":{"name":"(anonymous_0)","decl":{"start":{"line":4,"column":25},"end":{"line":4,"column":26}},"loc":{"start":{"line":4,"column":31},"end":{"line":17,"column":1}},"line":4}},"branchMap":{},"s":{"0":1,"1":2},"f":{"0":2},"b":{},"_coverageSchema":"1a1c01bbd47fc00a2c39e90264f33305004495a9","hash":"e91c7365056c7f3ac63a983b1401c19b8182fceb"}
,"C:\\Users\\Oxana\\Documents\\OPENCLASS\\projets\\green_api\\src\\components\\Header\\Header.jsx": {"path":"C:\\Users\\Oxana\\Documents\\OPENCLASS\\projets\\green_api\\src\\components\\Header\\Header.jsx","statementMap":{"0":{"start":{"line":5,"column":15},"end":{"line":11,"column":1}},"1":{"start":{"line":6,"column":2},"end":{"line":10,"column":4}}},"fnMap":{"0":{"name":"(anonymous_0)","decl":{"start":{"line":5,"column":15},"end":{"line":5,"column":16}},"loc":{"start":{"line":5,"column":21},"end":{"line":11,"column":1}},"line":5}},"branchMap":{},"s":{"0":1,"1":2},"f":{"0":2},"b":{},"_coverageSchema":"1a1c01bbd47fc00a2c39e90264f33305004495a9","hash":"af9ce9dc35a6c5e7560a17d570c73aaa0a924a42"}
,"C:\\Users\\Oxana\\Documents\\OPENCLASS\\projets\\green_api\\src\\components\\LoginForm\\LoginForm.jsx": {"path":"C:\\Users\\Oxana\\Documents\\OPENCLASS\\projets\\green_api\\src\\components\\LoginForm\\LoginForm.jsx","statementMap":{"0":{"start":{"line":4,"column":18},"end":{"line":31,"column":1}},"1":{"start":{"line":5,"column":2},"end":{"line":5,"column":27}},"2":{"start":{"line":6,"column":2},"end":{"line":6,"column":28}},"3":{"start":{"line":7,"column":2},"end":{"line":30,"column":4}}},"fnMap":{"0":{"name":"(anonymous_0)","decl":{"start":{"line":4,"column":18},"end":{"line":4,"column":19}},"loc":{"start":{"line":4,"column":73},"end":{"line":31,"column":1}},"line":4}},"branchMap":{"0":{"loc":{"start":{"line":15,"column":11},"end":{"line":15,"column":100}},"type":"binary-expr","locations":[{"start":{"line":15,"column":11},"end":{"line":15,"column":34}},{"start":{"line":15,"column":38},"end":{"line":15,"column":100}}],"line":15},"1":{"loc":{"start":{"line":23,"column":11},"end":{"line":23,"column":112}},"type":"binary-expr","locations":[{"start":{"line":23,"column":11},"end":{"line":23,"column":40}},{"start":{"line":23,"column":44},"end":{"line":23,"column":112}}],"line":23}},"s":{"0":0,"1":0,"2":0,"3":0},"f":{"0":0},"b":{"0":[0,0],"1":[0,0]}}
,"C:\\Users\\Oxana\\Documents\\OPENCLASS\\projets\\green_api\\src\\components\\Logo\\Logo.jsx": {"path":"C:\\Users\\Oxana\\Documents\\OPENCLASS\\projets\\green_api\\src\\components\\Logo\\Logo.jsx","statementMap":{"0":{"start":{"line":4,"column":13},"end":{"line":55,"column":1}},"1":{"start":{"line":5,"column":2},"end":{"line":54,"column":4}}},"fnMap":{"0":{"name":"(anonymous_0)","decl":{"start":{"line":4,"column":13},"end":{"line":4,"column":14}},"loc":{"start":{"line":4,"column":19},"end":{"line":55,"column":1}},"line":4}},"branchMap":{},"s":{"0":2,"1":4},"f":{"0":4},"b":{},"_coverageSchema":"1a1c01bbd47fc00a2c39e90264f33305004495a9","hash":"5b2fc00e9540d7dbad08cc4c0ca1685782a6dd61"}
,"C:\\Users\\Oxana\\Documents\\OPENCLASS\\projets\\green_api\\src\\pages\\Chat.jsx": {"path":"C:\\Users\\Oxana\\Documents\\OPENCLASS\\projets\\green_api\\src\\pages\\Chat.jsx","statementMap":{"0":{"start":{"line":11,"column":13},"end":{"line":192,"column":1}},"1":{"start":{"line":12,"column":40},"end":{"line":12,"column":50}},"2":{"start":{"line":13,"column":46},"end":{"line":13,"column":61}},"3":{"start":{"line":14,"column":28},"end":{"line":14,"column":40}},"4":{"start":{"line":15,"column":38},"end":{"line":15,"column":52}},"5":{"start":{"line":17,"column":40},"end":{"line":17,"column":52}},"6":{"start":{"line":18,"column":52},"end":{"line":18,"column":67}},"7":{"start":{"line":19,"column":28},"end":{"line":19,"column":86}},"8":{"start":{"line":21,"column":2},"end":{"line":26,"column":9}},"9":{"start":{"line":22,"column":23},"end":{"line":22,"column":62}},"10":{"start":{"line":23,"column":25},"end":{"line":23,"column":51}},"11":{"start":{"line":23,"column":32},"end":{"line":23,"column":51}},"12":{"start":{"line":24,"column":4},"end":{"line":24,"column":56}},"13":{"start":{"line":25,"column":4},"end":{"line":25,"column":72}},"14":{"start":{"line":25,"column":17},"end":{"line":25,"column":71}},"15":{"start":{"line":28,"column":29},"end":{"line":38,"column":3}},"16":{"start":{"line":29,"column":4},"end":{"line":29,"column":49}},"17":{"start":{"line":29,"column":37},"end":{"line":29,"column":47}},"18":{"start":{"line":31,"column":4},"end":{"line":37,"column":5}},"19":{"start":{"line":32,"column":6},"end":{"line":32,"column":32}},"20":{"start":{"line":36,"column":6},"end":{"line":36,"column":33}},"21":{"start":{"line":40,"column":33},"end":{"line":48,"column":3}},"22":{"start":{"line":41,"column":4},"end":{"line":41,"column":23}},"23":{"start":{"line":42,"column":4},"end":{"line":47,"column":5}},"24":{"start":{"line":43,"column":6},"end":{"line":43,"column":48}},"25":{"start":{"line":44,"column":6},"end":{"line":44,"column":33}},"26":{"start":{"line":45,"column":6},"end":{"line":45,"column":25}},"27":{"start":{"line":46,"column":6},"end":{"line":46,"column":51}},"28":{"start":{"line":46,"column":39},"end":{"line":46,"column":49}},"29":{"start":{"line":50,"column":28},"end":{"line":76,"column":3}},"30":{"start":{"line":51,"column":4},"end":{"line":51,"column":23}},"31":{"start":{"line":53,"column":4},"end":{"line":75,"column":5}},"32":{"start":{"line":54,"column":21},"end":{"line":58,"column":8}},"33":{"start":{"line":59,"column":6},"end":{"line":72,"column":7}},"34":{"start":{"line":60,"column":26},"end":{"line":60,"column":36}},"35":{"start":{"line":62,"column":27},"end":{"line":66,"column":9}},"36":{"start":{"line":67,"column":8},"end":{"line":70,"column":12}},"37":{"start":{"line":67,"column":33},"end":{"line":70,"column":9}},"38":{"start":{"line":71,"column":8},"end":{"line":71,"column":27}},"39":{"start":{"line":74,"column":6},"end":{"line":74,"column":23}},"40":{"start":{"line":78,"column":25},"end":{"line":82,"column":3}},"41":{"start":{"line":79,"column":4},"end":{"line":81,"column":5}},"42":{"start":{"line":80,"column":6},"end":{"line":80,"column":27}},"43":{"start":{"line":85,"column":27},"end":{"line":89,"column":3}},"44":{"start":{"line":86,"column":4},"end":{"line":86,"column":25}},"45":{"start":{"line":88,"column":4},"end":{"line":88,"column":30}},"46":{"start":{"line":91,"column":2},"end":{"line":150,"column":32}},"47":{"start":{"line":94,"column":33},"end":{"line":143,"column":5}},"48":{"start":{"line":95,"column":6},"end":{"line":142,"column":7}},"49":{"start":{"line":96,"column":8},"end":{"line":96,"column":32}},"50":{"start":{"line":96,"column":25},"end":{"line":96,"column":32}},"51":{"start":{"line":98,"column":25},"end":{"line":98,"column":63}},"52":{"start":{"line":100,"column":8},"end":{"line":103,"column":9}},"53":{"start":{"line":101,"column":10},"end":{"line":101,"column":62}},"54":{"start":{"line":102,"column":10},"end":{"line":102,"column":17}},"55":{"start":{"line":105,"column":32},"end":{"line":105,"column":55}},"56":{"start":{"line":107,"column":8},"end":{"line":109,"column":9}},"57":{"start":{"line":108,"column":10},"end":{"line":108,"column":17}},"58":{"start":{"line":111,"column":8},"end":{"line":131,"column":9}},"59":{"start":{"line":112,"column":10},"end":{"line":112,"column":159}},"60":{"start":{"line":114,"column":10},"end":{"line":130,"column":13}},"61":{"start":{"line":115,"column":33},"end":{"line":115,"column":72}},"62":{"start":{"line":118,"column":32},"end":{"line":118,"column":105}},"63":{"start":{"line":118,"column":59},"end":{"line":118,"column":104}},"64":{"start":{"line":120,"column":12},"end":{"line":122,"column":13}},"65":{"start":{"line":121,"column":14},"end":{"line":121,"column":31}},"66":{"start":{"line":124,"column":32},"end":{"line":124,"column":68}},"67":{"start":{"line":126,"column":12},"end":{"line":129,"column":14}},"68":{"start":{"line":133,"column":29},"end":{"line":133,"column":95}},"69":{"start":{"line":135,"column":8},"end":{"line":139,"column":9}},"70":{"start":{"line":136,"column":10},"end":{"line":136,"column":90}},"71":{"start":{"line":138,"column":10},"end":{"line":138,"column":55}},"72":{"start":{"line":141,"column":8},"end":{"line":141,"column":54}},"73":{"start":{"line":145,"column":4},"end":{"line":147,"column":5}},"74":{"start":{"line":146,"column":6},"end":{"line":146,"column":59}},"75":{"start":{"line":149,"column":4},"end":{"line":149,"column":43}},"76":{"start":{"line":149,"column":17},"end":{"line":149,"column":42}},"77":{"start":{"line":152,"column":2},"end":{"line":191,"column":4}}},"fnMap":{"0":{"name":"(anonymous_0)","decl":{"start":{"line":11,"column":13},"end":{"line":11,"column":14}},"loc":{"start":{"line":11,"column":34},"end":{"line":192,"column":1}},"line":11},"1":{"name":"(anonymous_1)","decl":{"start":{"line":21,"column":12},"end":{"line":21,"column":13}},"loc":{"start":{"line":21,"column":18},"end":{"line":26,"column":3}},"line":21},"2":{"name":"(anonymous_2)","decl":{"start":{"line":23,"column":25},"end":{"line":23,"column":26}},"loc":{"start":{"line":23,"column":32},"end":{"line":23,"column":51}},"line":23},"3":{"name":"(anonymous_3)","decl":{"start":{"line":25,"column":11},"end":{"line":25,"column":12}},"loc":{"start":{"line":25,"column":17},"end":{"line":25,"column":71}},"line":25},"4":{"name":"(anonymous_4)","decl":{"start":{"line":28,"column":29},"end":{"line":28,"column":30}},"loc":{"start":{"line":28,"column":35},"end":{"line":38,"column":3}},"line":28},"5":{"name":"(anonymous_5)","decl":{"start":{"line":29,"column":22},"end":{"line":29,"column":23}},"loc":{"start":{"line":29,"column":37},"end":{"line":29,"column":47}},"line":29},"6":{"name":"(anonymous_6)","decl":{"start":{"line":40,"column":33},"end":{"line":40,"column":34}},"loc":{"start":{"line":40,"column":40},"end":{"line":48,"column":3}},"line":40},"7":{"name":"(anonymous_7)","decl":{"start":{"line":46,"column":24},"end":{"line":46,"column":25}},"loc":{"start":{"line":46,"column":39},"end":{"line":46,"column":49}},"line":46},"8":{"name":"(anonymous_8)","decl":{"start":{"line":50,"column":28},"end":{"line":50,"column":29}},"loc":{"start":{"line":50,"column":41},"end":{"line":76,"column":3}},"line":50},"9":{"name":"(anonymous_9)","decl":{"start":{"line":67,"column":17},"end":{"line":67,"column":18}},"loc":{"start":{"line":67,"column":33},"end":{"line":70,"column":9}},"line":67},"10":{"name":"(anonymous_10)","decl":{"start":{"line":78,"column":25},"end":{"line":78,"column":26}},"loc":{"start":{"line":78,"column":32},"end":{"line":82,"column":3}},"line":78},"11":{"name":"(anonymous_11)","decl":{"start":{"line":85,"column":27},"end":{"line":85,"column":28}},"loc":{"start":{"line":85,"column":38},"end":{"line":89,"column":3}},"line":85},"12":{"name":"(anonymous_12)","decl":{"start":{"line":91,"column":12},"end":{"line":91,"column":13}},"loc":{"start":{"line":91,"column":18},"end":{"line":150,"column":3}},"line":91},"13":{"name":"(anonymous_13)","decl":{"start":{"line":94,"column":33},"end":{"line":94,"column":34}},"loc":{"start":{"line":94,"column":45},"end":{"line":143,"column":5}},"line":94},"14":{"name":"(anonymous_14)","decl":{"start":{"line":114,"column":19},"end":{"line":114,"column":20}},"loc":{"start":{"line":114,"column":34},"end":{"line":130,"column":11}},"line":114},"15":{"name":"(anonymous_15)","decl":{"start":{"line":118,"column":50},"end":{"line":118,"column":51}},"loc":{"start":{"line":118,"column":59},"end":{"line":118,"column":104}},"line":118},"16":{"name":"(anonymous_16)","decl":{"start":{"line":149,"column":11},"end":{"line":149,"column":12}},"loc":{"start":{"line":149,"column":17},"end":{"line":149,"column":42}},"line":149}},"branchMap":{"0":{"loc":{"start":{"line":31,"column":4},"end":{"line":37,"column":5}},"type":"if","locations":[{"start":{"line":31,"column":4},"end":{"line":37,"column":5}},{"start":{"line":35,"column":9},"end":{"line":37,"column":5}}],"line":31},"1":{"loc":{"start":{"line":42,"column":4},"end":{"line":47,"column":5}},"type":"if","locations":[{"start":{"line":42,"column":4},"end":{"line":47,"column":5}},{"start":{},"end":{}}],"line":42},"2":{"loc":{"start":{"line":42,"column":8},"end":{"line":42,"column":42}},"type":"binary-expr","locations":[{"start":{"line":42,"column":8},"end":{"line":42,"column":19}},{"start":{"line":42,"column":23},"end":{"line":42,"column":42}}],"line":42},"3":{"loc":{"start":{"line":59,"column":6},"end":{"line":72,"column":7}},"type":"if","locations":[{"start":{"line":59,"column":6},"end":{"line":72,"column":7}},{"start":{},"end":{}}],"line":59},"4":{"loc":{"start":{"line":69,"column":29},"end":{"line":69,"column":56}},"type":"binary-expr","locations":[{"start":{"line":69,"column":29},"end":{"line":69,"column":50}},{"start":{"line":69,"column":54},"end":{"line":69,"column":56}}],"line":69},"5":{"loc":{"start":{"line":79,"column":4},"end":{"line":81,"column":5}},"type":"if","locations":[{"start":{"line":79,"column":4},"end":{"line":81,"column":5}},{"start":{},"end":{}}],"line":79},"6":{"loc":{"start":{"line":96,"column":8},"end":{"line":96,"column":32}},"type":"if","locations":[{"start":{"line":96,"column":8},"end":{"line":96,"column":32}},{"start":{},"end":{}}],"line":96},"7":{"loc":{"start":{"line":100,"column":8},"end":{"line":103,"column":9}},"type":"if","locations":[{"start":{"line":100,"column":8},"end":{"line":103,"column":9}},{"start":{},"end":{}}],"line":100},"8":{"loc":{"start":{"line":100,"column":12},"end":{"line":100,"column":59}},"type":"binary-expr","locations":[{"start":{"line":100,"column":12},"end":{"line":100,"column":21}},{"start":{"line":100,"column":25},"end":{"line":100,"column":39}},{"start":{"line":100,"column":43},"end":{"line":100,"column":59}}],"line":100},"9":{"loc":{"start":{"line":107,"column":8},"end":{"line":109,"column":9}},"type":"if","locations":[{"start":{"line":107,"column":8},"end":{"line":109,"column":9}},{"start":{},"end":{}}],"line":107},"10":{"loc":{"start":{"line":111,"column":8},"end":{"line":131,"column":9}},"type":"if","locations":[{"start":{"line":111,"column":8},"end":{"line":131,"column":9}},{"start":{},"end":{}}],"line":111},"11":{"loc":{"start":{"line":111,"column":12},"end":{"line":111,"column":84}},"type":"binary-expr","locations":[{"start":{"line":111,"column":12},"end":{"line":111,"column":34}},{"start":{"line":111,"column":38},"end":{"line":111,"column":84}}],"line":111},"12":{"loc":{"start":{"line":112,"column":40},"end":{"line":112,"column":158}},"type":"cond-expr","locations":[{"start":{"line":112,"column":94},"end":{"line":112,"column":128}},{"start":{"line":112,"column":131},"end":{"line":112,"column":158}}],"line":112},"13":{"loc":{"start":{"line":115,"column":33},"end":{"line":115,"column":72}},"type":"binary-expr","locations":[{"start":{"line":115,"column":33},"end":{"line":115,"column":66}},{"start":{"line":115,"column":70},"end":{"line":115,"column":72}}],"line":115},"14":{"loc":{"start":{"line":120,"column":12},"end":{"line":122,"column":13}},"type":"if","locations":[{"start":{"line":120,"column":12},"end":{"line":122,"column":13}},{"start":{},"end":{}}],"line":120},"15":{"loc":{"start":{"line":135,"column":8},"end":{"line":139,"column":9}},"type":"if","locations":[{"start":{"line":135,"column":8},"end":{"line":139,"column":9}},{"start":{"line":137,"column":15},"end":{"line":139,"column":9}}],"line":135},"16":{"loc":{"start":{"line":145,"column":4},"end":{"line":147,"column":5}},"type":"if","locations":[{"start":{"line":145,"column":4},"end":{"line":147,"column":5}},{"start":{},"end":{}}],"line":145},"17":{"loc":{"start":{"line":156,"column":7},"end":{"line":163,"column":14}},"type":"cond-expr","locations":[{"start":{"line":157,"column":8},"end":{"line":162,"column":11}},{"start":{"line":163,"column":10},"end":{"line":163,"column":14}}],"line":156},"18":{"loc":{"start":{"line":156,"column":7},"end":{"line":156,"column":27}},"type":"binary-expr","locations":[{"start":{"line":156,"column":7},"end":{"line":156,"column":18}},{"start":{"line":156,"column":22},"end":{"line":156,"column":27}}],"line":156},"19":{"loc":{"start":{"line":165,"column":7},"end":{"line":172,"column":14}},"type":"cond-expr","locations":[{"start":{"line":166,"column":8},"end":{"line":171,"column":14}},{"start":{"line":172,"column":10},"end":{"line":172,"column":14}}],"line":165},"20":{"loc":{"start":{"line":174,"column":47},"end":{"line":174,"column":77}},"type":"cond-expr","locations":[{"start":{"line":174,"column":64},"end":{"line":174,"column":72}},{"start":{"line":174,"column":75},"end":{"line":174,"column":77}}],"line":174}},"s":{"0":0,"1":0,"2":0,"3":0,"4":0,"5":0,"6":0,"7":0,"8":0,"9":0,"10":0,"11":0,"12":0,"13":0,"14":0,"15":0,"16":0,"17":0,"18":0,"19":0,"20":0,"21":0,"22":0,"23":0,"24":0,"25":0,"26":0,"27":0,"28":0,"29":0,"30":0,"31":0,"32":0,"33":0,"34":0,"35":0,"36":0,"37":0,"38":0,"39":0,"40":0,"41":0,"42":0,"43":0,"44":0,"45":0,"46":0,"47":0,"48":0,"49":0,"50":0,"51":0,"52":0,"53":0,"54":0,"55":0,"56":0,"57":0,"58":0,"59":0,"60":0,"61":0,"62":0,"63":0,"64":0,"65":0,"66":0,"67":0,"68":0,"69":0,"70":0,"71":0,"72":0,"73":0,"74":0,"75":0,"76":0,"77":0},"f":{"0":0,"1":0,"2":0,"3":0,"4":0,"5":0,"6":0,"7":0,"8":0,"9":0,"10":0,"11":0,"12":0,"13":0,"14":0,"15":0,"16":0},"b":{"0":[0,0],"1":[0,0],"2":[0,0],"3":[0,0],"4":[0,0],"5":[0,0],"6":[0,0],"7":[0,0],"8":[0,0,0],"9":[0,0],"10":[0,0],"11":[0,0],"12":[0,0],"13":[0,0],"14":[0,0],"15":[0,0],"16":[0,0],"17":[0,0],"18":[0,0],"19":[0,0],"20":[0,0]}}
,"C:\\Users\\Oxana\\Documents\\OPENCLASS\\projets\\green_api\\src\\pages\\Login.jsx": {"path":"C:\\Users\\Oxana\\Documents\\OPENCLASS\\projets\\green_api\\src\\pages\\Login.jsx","statementMap":{"0":{"start":{"line":8,"column":14},"end":{"line":60,"column":1}},"1":{"start":{"line":9,"column":48},"end":{"line":12,"column":4}},"2":{"start":{"line":14,"column":42},"end":{"line":14,"column":54}},"3":{"start":{"line":16,"column":17},"end":{"line":16,"column":30}},"4":{"start":{"line":18,"column":28},"end":{"line":24,"column":3}},"5":{"start":{"line":19,"column":28},"end":{"line":19,"column":36}},"6":{"start":{"line":20,"column":4},"end":{"line":23,"column":8}},"7":{"start":{"line":20,"column":34},"end":{"line":23,"column":5}},"8":{"start":{"line":26,"column":30},"end":{"line":39,"column":3}},"9":{"start":{"line":27,"column":19},"end":{"line":27,"column":21}},"10":{"start":{"line":29,"column":4},"end":{"line":31,"column":5}},"11":{"start":{"line":30,"column":6},"end":{"line":30,"column":56}},"12":{"start":{"line":32,"column":4},"end":{"line":34,"column":5}},"13":{"start":{"line":33,"column":6},"end":{"line":33,"column":62}},"14":{"start":{"line":36,"column":4},"end":{"line":36,"column":28}},"15":{"start":{"line":38,"column":4},"end":{"line":38,"column":44}},"16":{"start":{"line":41,"column":23},"end":{"line":51,"column":3}},"17":{"start":{"line":42,"column":4},"end":{"line":42,"column":23}},"18":{"start":{"line":43,"column":4},"end":{"line":50,"column":5}},"19":{"start":{"line":44,"column":6},"end":{"line":44,"column":38}},"20":{"start":{"line":45,"column":6},"end":{"line":45,"column":24}},"21":{"start":{"line":46,"column":6},"end":{"line":49,"column":9}},"22":{"start":{"line":53,"column":2},"end":{"line":59,"column":4}}},"fnMap":{"0":{"name":"(anonymous_0)","decl":{"start":{"line":8,"column":14},"end":{"line":8,"column":15}},"loc":{"start":{"line":8,"column":38},"end":{"line":60,"column":1}},"line":8},"1":{"name":"(anonymous_1)","decl":{"start":{"line":18,"column":28},"end":{"line":18,"column":29}},"loc":{"start":{"line":18,"column":35},"end":{"line":24,"column":3}},"line":18},"2":{"name":"(anonymous_2)","decl":{"start":{"line":20,"column":23},"end":{"line":20,"column":24}},"loc":{"start":{"line":20,"column":34},"end":{"line":23,"column":5}},"line":20},"3":{"name":"(anonymous_3)","decl":{"start":{"line":26,"column":30},"end":{"line":26,"column":31}},"loc":{"start":{"line":26,"column":68},"end":{"line":39,"column":3}},"line":26},"4":{"name":"(anonymous_4)","decl":{"start":{"line":41,"column":23},"end":{"line":41,"column":24}},"loc":{"start":{"line":41,"column":30},"end":{"line":51,"column":3}},"line":41}},"branchMap":{"0":{"loc":{"start":{"line":29,"column":4},"end":{"line":31,"column":5}},"type":"if","locations":[{"start":{"line":29,"column":4},"end":{"line":31,"column":5}},{"start":{},"end":{}}],"line":29},"1":{"loc":{"start":{"line":29,"column":8},"end":{"line":29,"column":48}},"type":"binary-expr","locations":[{"start":{"line":29,"column":8},"end":{"line":29,"column":19}},{"start":{"line":29,"column":23},"end":{"line":29,"column":48}}],"line":29},"2":{"loc":{"start":{"line":32,"column":4},"end":{"line":34,"column":5}},"type":"if","locations":[{"start":{"line":32,"column":4},"end":{"line":34,"column":5}},{"start":{},"end":{}}],"line":32},"3":{"loc":{"start":{"line":43,"column":4},"end":{"line":50,"column":5}},"type":"if","locations":[{"start":{"line":43,"column":4},"end":{"line":50,"column":5}},{"start":{},"end":{}}],"line":43}},"s":{"0":0,"1":0,"2":0,"3":0,"4":0,"5":0,"6":0,"7":0,"8":0,"9":0,"10":0,"11":0,"12":0,"13":0,"14":0,"15":0,"16":0,"17":0,"18":0,"19":0,"20":0,"21":0,"22":0},"f":{"0":0,"1":0,"2":0,"3":0,"4":0},"b":{"0":[0,0],"1":[0,0],"2":[0,0],"3":[0,0]}}
,"C:\\Users\\Oxana\\Documents\\OPENCLASS\\projets\\green_api\\src\\services\\auth.js": {"path":"C:\\Users\\Oxana\\Documents\\OPENCLASS\\projets\\green_api\\src\\services\\auth.js","statementMap":{"0":{"start":{"line":2,"column":2},"end":{"line":19,"column":3}},"1":{"start":{"line":3,"column":21},"end":{"line":10,"column":6}},"2":{"start":{"line":12,"column":4},"end":{"line":14,"column":5}},"3":{"start":{"line":13,"column":6},"end":{"line":13,"column":63}},"4":{"start":{"line":16,"column":4},"end":{"line":16,"column":33}},"5":{"start":{"line":18,"column":4},"end":{"line":18,"column":23}}},"fnMap":{"0":{"name":"handleAuth","decl":{"start":{"line":1,"column":22},"end":{"line":1,"column":32}},"loc":{"start":{"line":1,"column":46},"end":{"line":20,"column":1}},"line":1}},"branchMap":{"0":{"loc":{"start":{"line":12,"column":4},"end":{"line":14,"column":5}},"type":"if","locations":[{"start":{"line":12,"column":4},"end":{"line":14,"column":5}},{"start":{},"end":{}}],"line":12}},"s":{"0":0,"1":0,"2":0,"3":0,"4":0,"5":0},"f":{"0":0},"b":{"0":[0,0]}}
,"C:\\Users\\Oxana\\Documents\\OPENCLASS\\projets\\green_api\\src\\services\\message.js": {"path":"C:\\Users\\Oxana\\Documents\\OPENCLASS\\projets\\green_api\\src\\services\\message.js","statementMap":{"0":{"start":{"line":2,"column":2},"end":{"line":12,"column":3}},"1":{"start":{"line":3,"column":19},"end":{"line":3,"column":167}},"2":{"start":{"line":4,"column":4},"end":{"line":6,"column":5}},"3":{"start":{"line":5,"column":6},"end":{"line":5,"column":35}},"4":{"start":{"line":8,"column":17},"end":{"line":8,"column":38}},"5":{"start":{"line":9,"column":4},"end":{"line":9,"column":18}},"6":{"start":{"line":11,"column":4},"end":{"line":11,"column":21}},"7":{"start":{"line":16,"column":2},"end":{"line":28,"column":3}},"8":{"start":{"line":17,"column":19},"end":{"line":19,"column":6}},"9":{"start":{"line":20,"column":4},"end":{"line":22,"column":5}},"10":{"start":{"line":21,"column":6},"end":{"line":21,"column":35}},"11":{"start":{"line":24,"column":17},"end":{"line":24,"column":38}},"12":{"start":{"line":25,"column":4},"end":{"line":25,"column":18}},"13":{"start":{"line":27,"column":4},"end":{"line":27,"column":21}},"14":{"start":{"line":32,"column":2},"end":{"line":48,"column":3}},"15":{"start":{"line":33,"column":19},"end":{"line":39,"column":6}},"16":{"start":{"line":40,"column":4},"end":{"line":42,"column":5}},"17":{"start":{"line":41,"column":6},"end":{"line":41,"column":35}},"18":{"start":{"line":44,"column":17},"end":{"line":44,"column":38}},"19":{"start":{"line":45,"column":4},"end":{"line":45,"column":18}},"20":{"start":{"line":47,"column":4},"end":{"line":47,"column":21}}},"fnMap":{"0":{"name":"receiveNotification","decl":{"start":{"line":1,"column":30},"end":{"line":1,"column":49}},"loc":{"start":{"line":1,"column":63},"end":{"line":13,"column":1}},"line":1},"1":{"name":"deleteNotification","decl":{"start":{"line":15,"column":22},"end":{"line":15,"column":40}},"loc":{"start":{"line":15,"column":65},"end":{"line":29,"column":1}},"line":15},"2":{"name":"sendMessage","decl":{"start":{"line":31,"column":22},"end":{"line":31,"column":33}},"loc":{"start":{"line":31,"column":53},"end":{"line":49,"column":1}},"line":31}},"branchMap":{"0":{"loc":{"start":{"line":4,"column":4},"end":{"line":6,"column":5}},"type":"if","locations":[{"start":{"line":4,"column":4},"end":{"line":6,"column":5}},{"start":{},"end":{}}],"line":4},"1":{"loc":{"start":{"line":20,"column":4},"end":{"line":22,"column":5}},"type":"if","locations":[{"start":{"line":20,"column":4},"end":{"line":22,"column":5}},{"start":{},"end":{}}],"line":20},"2":{"loc":{"start":{"line":40,"column":4},"end":{"line":42,"column":5}},"type":"if","locations":[{"start":{"line":40,"column":4},"end":{"line":42,"column":5}},{"start":{},"end":{}}],"line":40}},"s":{"0":0,"1":0,"2":0,"3":0,"4":0,"5":0,"6":0,"7":0,"8":0,"9":0,"10":0,"11":0,"12":0,"13":0,"14":0,"15":0,"16":0,"17":0,"18":0,"19":0,"20":0},"f":{"0":0,"1":0,"2":0},"b":{"0":[0,0],"1":[0,0],"2":[0,0]}}
,"C:\\Users\\Oxana\\Documents\\OPENCLASS\\projets\\green_api\\src\\utils\\formatData.js": {"path":"C:\\Users\\Oxana\\Documents\\OPENCLASS\\projets\\green_api\\src\\utils\\formatData.js","statementMap":{"0":{"start":{"line":2,"column":15},"end":{"line":2,"column":34}},"1":{"start":{"line":4,"column":15},"end":{"line":4,"column":24}},"2":{"start":{"line":7,"column":2},"end":{"line":11,"column":3}},"3":{"start":{"line":8,"column":4},"end":{"line":8,"column":114}},"4":{"start":{"line":9,"column":9},"end":{"line":11,"column":3}},"5":{"start":{"line":10,"column":4},"end":{"line":10,"column":81}},"6":{"start":{"line":14,"column":28},"end":{"line":21,"column":3}},"7":{"start":{"line":23,"column":2},"end":{"line":23,"column":27}}},"fnMap":{"0":{"name":"formatMessage","decl":{"start":{"line":1,"column":24},"end":{"line":1,"column":37}},"loc":{"start":{"line":1,"column":48},"end":{"line":24,"column":1}},"line":1}},"branchMap":{"0":{"loc":{"start":{"line":2,"column":15},"end":{"line":2,"column":34}},"type":"binary-expr","locations":[{"start":{"line":2,"column":15},"end":{"line":2,"column":28}},{"start":{"line":2,"column":32},"end":{"line":2,"column":34}}],"line":2},"1":{"loc":{"start":{"line":7,"column":2},"end":{"line":11,"column":3}},"type":"if","locations":[{"start":{"line":7,"column":2},"end":{"line":11,"column":3}},{"start":{"line":9,"column":9},"end":{"line":11,"column":3}}],"line":7},"2":{"loc":{"start":{"line":7,"column":6},"end":{"line":7,"column":67}},"type":"binary-expr","locations":[{"start":{"line":7,"column":6},"end":{"line":7,"column":21}},{"start":{"line":7,"column":25},"end":{"line":7,"column":67}}],"line":7},"3":{"loc":{"start":{"line":8,"column":13},"end":{"line":8,"column":113}},"type":"cond-expr","locations":[{"start":{"line":8,"column":52},"end":{"line":8,"column":88}},{"start":{"line":8,"column":91},"end":{"line":8,"column":113}}],"line":8},"4":{"loc":{"start":{"line":9,"column":9},"end":{"line":11,"column":3}},"type":"if","locations":[{"start":{"line":9,"column":9},"end":{"line":11,"column":3}},{"start":{},"end":{}}],"line":9},"5":{"loc":{"start":{"line":10,"column":13},"end":{"line":10,"column":80}},"type":"cond-expr","locations":[{"start":{"line":10,"column":41},"end":{"line":10,"column":66}},{"start":{"line":10,"column":69},"end":{"line":10,"column":80}}],"line":10},"6":{"loc":{"start":{"line":17,"column":15},"end":{"line":17,"column":42}},"type":"binary-expr","locations":[{"start":{"line":17,"column":15},"end":{"line":17,"column":29}},{"start":{"line":17,"column":33},"end":{"line":17,"column":42}}],"line":17},"7":{"loc":{"start":{"line":18,"column":10},"end":{"line":18,"column":135}},"type":"binary-expr","locations":[{"start":{"line":18,"column":11},"end":{"line":18,"column":27}},{"start":{"line":18,"column":31},"end":{"line":18,"column":63}},{"start":{"line":18,"column":67},"end":{"line":18,"column":111}},{"start":{"line":18,"column":116},"end":{"line":18,"column":135}}],"line":18},"8":{"loc":{"start":{"line":20,"column":12},"end":{"line":20,"column":56}},"type":"binary-expr","locations":[{"start":{"line":20,"column":12},"end":{"line":20,"column":28}},{"start":{"line":20,"column":32},"end":{"line":20,"column":43}},{"start":{"line":20,"column":47},"end":{"line":20,"column":56}}],"line":20}},"s":{"0":0,"1":0,"2":0,"3":0,"4":0,"5":0,"6":0,"7":0},"f":{"0":0},"b":{"0":[0,0],"1":[0,0],"2":[0,0],"3":[0,0],"4":[0,0],"5":[0,0],"6":[0,0],"7":[0,0,0,0],"8":[0,0,0]}}
,"C:\\Users\\Oxana\\Documents\\OPENCLASS\\projets\\green_api\\src\\utils\\formatTImestamp.js": {"path":"C:\\Users\\Oxana\\Documents\\OPENCLASS\\projets\\green_api\\src\\utils\\formatTImestamp.js","statementMap":{"0":{"start":{"line":3,"column":18},"end":{"line":6,"column":3}},"1":{"start":{"line":7,"column":2},"end":{"line":13,"column":3}},"2":{"start":{"line":9,"column":4},"end":{"line":9,"column":38}},"3":{"start":{"line":12,"column":4},"end":{"line":12,"column":31}},"4":{"start":{"line":15,"column":2},"end":{"line":15,"column":46}}},"fnMap":{"0":{"name":"convertTimestamp","decl":{"start":{"line":1,"column":24},"end":{"line":1,"column":40}},"loc":{"start":{"line":1,"column":52},"end":{"line":16,"column":1}},"line":1}},"branchMap":{"0":{"loc":{"start":{"line":7,"column":2},"end":{"line":13,"column":3}},"type":"if","locations":[{"start":{"line":7,"column":2},"end":{"line":13,"column":3}},{"start":{"line":10,"column":9},"end":{"line":13,"column":3}}],"line":7}},"s":{"0":0,"1":0,"2":0,"3":0,"4":0},"f":{"0":0},"b":{"0":[0,0]}}
}
