{"C:\\Users\\Oxana\\Documents\\OPENCLASS\\projets\\green_api\\src\\App.jsx": {"path":"C:\\Users\\Oxana\\Documents\\OPENCLASS\\projets\\green_api\\src\\App.jsx","statementMap":{"0":{"start":{"line":9,"column":40},"end":{"line":9,"column":54}},"1":{"start":{"line":10,"column":2},"end":{"line":19,"column":4}}},"fnMap":{"0":{"name":"App","decl":{"start":{"line":8,"column":9},"end":{"line":8,"column":12}},"loc":{"start":{"line":8,"column":15},"end":{"line":20,"column":1}},"line":8}},"branchMap":{},"s":{"0":2,"1":2},"f":{"0":2},"b":{},"_coverageSchema":"1a1c01bbd47fc00a2c39e90264f33305004495a9","hash":"834ed4ca345ea400d67493afdbd430f46d35c5be"}
,"C:\\Users\\Oxana\\Documents\\OPENCLASS\\projets\\green_api\\src\\main.jsx": {"path":"C:\\Users\\Oxana\\Documents\\OPENCLASS\\projets\\green_api\\src\\main.jsx","statementMap":{"0":{"start":{"line":6,"column":0},"end":{"line":10,"column":2}}},"fnMap":{},"branchMap":{},"s":{"0":0},"f":{},"b":{}}
,"C:\\Users\\Oxana\\Documents\\OPENCLASS\\projets\\green_api\\src\\components\\ChatConversation\\ChatConversation.jsx": {"path":"C:\\Users\\Oxana\\Documents\\OPENCLASS\\projets\\green_api\\src\\components\\ChatConversation\\ChatConversation.jsx","statementMap":{"0":{"start":{"line":5,"column":25},"end":{"line":178,"column":1}},"1":{"start":{"line":6,"column":36},"end":{"line":6,"column":51}},"2":{"start":{"line":7,"column":19},"end":{"line":7,"column":86}},"3":{"start":{"line":7,"column":60},"end":{"line":7,"column":85}},"4":{"start":{"line":9,"column":2},"end":{"line":177,"column":4}},"5":{"start":{"line":26,"column":32},"end":{"line":26,"column":99}},"6":{"start":{"line":26,"column":61},"end":{"line":26,"column":71}},"7":{"start":{"line":84,"column":16},"end":{"line":96,"column":18}},"8":{"start":{"line":112,"column":36},"end":{"line":112,"column":107}},"9":{"start":{"line":112,"column":96},"end":{"line":112,"column":106}},"10":{"start":{"line":146,"column":36},"end":{"line":146,"column":56}}},"fnMap":{"0":{"name":"(anonymous_0)","decl":{"start":{"line":5,"column":25},"end":{"line":5,"column":26}},"loc":{"start":{"line":5,"column":159},"end":{"line":178,"column":1}},"line":5},"1":{"name":"(anonymous_1)","decl":{"start":{"line":7,"column":50},"end":{"line":7,"column":51}},"loc":{"start":{"line":7,"column":60},"end":{"line":7,"column":85}},"line":7},"2":{"name":"(anonymous_2)","decl":{"start":{"line":26,"column":25},"end":{"line":26,"column":26}},"loc":{"start":{"line":26,"column":32},"end":{"line":26,"column":99}},"line":26},"3":{"name":"(anonymous_3)","decl":{"start":{"line":26,"column":46},"end":{"line":26,"column":47}},"loc":{"start":{"line":26,"column":61},"end":{"line":26,"column":71}},"line":26},"4":{"name":"(anonymous_4)","decl":{"start":{"line":83,"column":28},"end":{"line":83,"column":29}},"loc":{"start":{"line":83,"column":48},"end":{"line":97,"column":15}},"line":83},"5":{"name":"(anonymous_5)","decl":{"start":{"line":112,"column":28},"end":{"line":112,"column":29}},"loc":{"start":{"line":112,"column":36},"end":{"line":112,"column":107}},"line":112},"6":{"name":"(anonymous_6)","decl":{"start":{"line":112,"column":81},"end":{"line":112,"column":82}},"loc":{"start":{"line":112,"column":96},"end":{"line":112,"column":106}},"line":112},"7":{"name":"(anonymous_7)","decl":{"start":{"line":146,"column":29},"end":{"line":146,"column":30}},"loc":{"start":{"line":146,"column":36},"end":{"line":146,"column":56}},"line":146}},"branchMap":{"0":{"loc":{"start":{"line":7,"column":20},"end":{"line":7,"column":43}},"type":"binary-expr","locations":[{"start":{"line":7,"column":20},"end":{"line":7,"column":37}},{"start":{"line":7,"column":41},"end":{"line":7,"column":43}}],"line":7},"1":{"loc":{"start":{"line":11,"column":7},"end":{"line":175,"column":7}},"type":"binary-expr","locations":[{"start":{"line":11,"column":7},"end":{"line":11,"column":17}},{"start":{"line":12,"column":8},"end":{"line":174,"column":18}}],"line":11},"2":{"loc":{"start":{"line":15,"column":13},"end":{"line":31,"column":13}},"type":"binary-expr","locations":[{"start":{"line":15,"column":13},"end":{"line":15,"column":18}},{"start":{"line":16,"column":14},"end":{"line":30,"column":20}}],"line":15},"3":{"loc":{"start":{"line":134,"column":17},"end":{"line":170,"column":17}},"type":"cond-expr","locations":[{"start":{"line":136,"column":18},"end":{"line":150,"column":24}},{"start":{"line":153,"column":18},"end":{"line":169,"column":24}}],"line":134}},"s":{"0":3,"1":11,"2":11,"3":0,"4":11,"5":2,"6":0,"7":7,"8":2,"9":2,"10":1},"f":{"0":11,"1":0,"2":2,"3":0,"4":7,"5":2,"6":2,"7":1},"b":{"0":[11,2],"1":[11,9],"2":[9,8],"3":[2,7]},"_coverageSchema":"1a1c01bbd47fc00a2c39e90264f33305004495a9","hash":"dce9a7bbc1064b93a91f0121caab4263ced41623"}
,"C:\\Users\\Oxana\\Documents\\OPENCLASS\\projets\\green_api\\src\\components\\ChatFilter\\ChatFilter.jsx": {"path":"C:\\Users\\Oxana\\Documents\\OPENCLASS\\projets\\green_api\\src\\components\\ChatFilter\\ChatFilter.jsx","statementMap":{"0":{"start":{"line":4,"column":19},"end":{"line":31,"column":1}},"1":{"start":{"line":5,"column":2},"end":{"line":30,"column":4}}},"fnMap":{"0":{"name":"(anonymous_0)","decl":{"start":{"line":4,"column":19},"end":{"line":4,"column":20}},"loc":{"start":{"line":4,"column":25},"end":{"line":31,"column":1}},"line":4}},"branchMap":{},"s":{"0":3,"1":6},"f":{"0":6},"b":{},"_coverageSchema":"1a1c01bbd47fc00a2c39e90264f33305004495a9","hash":"eebec1699a8987d88afd521029a4c2154ba3c822"}
,"C:\\Users\\Oxana\\Documents\\OPENCLASS\\projets\\green_api\\src\\components\\ChatForm\\ChatForm.jsx": {"path":"C:\\Users\\Oxana\\Documents\\OPENCLASS\\projets\\green_api\\src\\components\\ChatForm\\ChatForm.jsx","statementMap":{"0":{"start":{"line":4,"column":17},"end":{"line":81,"column":1}},"1":{"start":{"line":5,"column":2},"end":{"line":80,"column":4}},"2":{"start":{"line":35,"column":27},"end":{"line":35,"column":57}}},"fnMap":{"0":{"name":"(anonymous_0)","decl":{"start":{"line":4,"column":17},"end":{"line":4,"column":18}},"loc":{"start":{"line":4,"column":98},"end":{"line":81,"column":1}},"line":4},"1":{"name":"(anonymous_1)","decl":{"start":{"line":35,"column":20},"end":{"line":35,"column":21}},"loc":{"start":{"line":35,"column":27},"end":{"line":35,"column":57}},"line":35}},"branchMap":{},"s":{"0":3,"1":5,"2":1},"f":{"0":5,"1":1},"b":{},"_coverageSchema":"1a1c01bbd47fc00a2c39e90264f33305004495a9","hash":"699cbe7c5e10b75b046c4b83425547adf399c45c"}
,"C:\\Users\\Oxana\\Documents\\OPENCLASS\\projets\\green_api\\src\\components\\ChatHeader\\ChatHeader.jsx": {"path":"C:\\Users\\Oxana\\Documents\\OPENCLASS\\projets\\green_api\\src\\components\\ChatHeader\\ChatHeader.jsx","statementMap":{"0":{"start":{"line":4,"column":19},"end":{"line":35,"column":1}},"1":{"start":{"line":5,"column":2},"end":{"line":34,"column":4}}},"fnMap":{"0":{"name":"(anonymous_0)","decl":{"start":{"line":4,"column":19},"end":{"line":4,"column":20}},"loc":{"start":{"line":4,"column":47},"end":{"line":35,"column":1}},"line":4}},"branchMap":{},"s":{"0":3,"1":4},"f":{"0":4},"b":{},"_coverageSchema":"1a1c01bbd47fc00a2c39e90264f33305004495a9","hash":"789e4dc6f31400fa46310b54b882a97f0826d1d9"}
,"C:\\Users\\Oxana\\Documents\\OPENCLASS\\projets\\green_api\\src\\components\\ChatSearch\\ChatSearch.jsx": {"path":"C:\\Users\\Oxana\\Documents\\OPENCLASS\\projets\\green_api\\src\\components\\ChatSearch\\ChatSearch.jsx","statementMap":{"0":{"start":{"line":4,"column":19},"end":{"line":18,"column":1}},"1":{"start":{"line":5,"column":40},"end":{"line":5,"column":52}},"2":{"start":{"line":6,"column":2},"end":{"line":17,"column":4}},"3":{"start":{"line":15,"column":122},"end":{"line":15,"column":152}}},"fnMap":{"0":{"name":"(anonymous_0)","decl":{"start":{"line":4,"column":19},"end":{"line":4,"column":20}},"loc":{"start":{"line":4,"column":25},"end":{"line":18,"column":1}},"line":4},"1":{"name":"(anonymous_1)","decl":{"start":{"line":15,"column":115},"end":{"line":15,"column":116}},"loc":{"start":{"line":15,"column":122},"end":{"line":15,"column":152}},"line":15}},"branchMap":{},"s":{"0":3,"1":6,"2":6,"3":1},"f":{"0":6,"1":1},"b":{},"_coverageSchema":"1a1c01bbd47fc00a2c39e90264f33305004495a9","hash":"6af603f608fcbcff9ff046e86d4b13c8b0b57a6d"}
,"C:\\Users\\Oxana\\Documents\\OPENCLASS\\projets\\green_api\\src\\components\\ChatsList\\ChatsList.jsx": {"path":"C:\\Users\\Oxana\\Documents\\OPENCLASS\\projets\\green_api\\src\\components\\ChatsList\\ChatsList.jsx","statementMap":{"0":{"start":{"line":5,"column":18},"end":{"line":28,"column":1}},"1":{"start":{"line":6,"column":1},"end":{"line":6,"column":19}},"2":{"start":{"line":7,"column":2},"end":{"line":27,"column":4}},"3":{"start":{"line":10,"column":25},"end":{"line":10,"column":37}},"4":{"start":{"line":11,"column":32},"end":{"line":11,"column":93}},"5":{"start":{"line":12,"column":21},"end":{"line":12,"column":87}},"6":{"start":{"line":14,"column":8},"end":{"line":24,"column":10}},"7":{"start":{"line":17,"column":75},"end":{"line":17,"column":98}}},"fnMap":{"0":{"name":"(anonymous_0)","decl":{"start":{"line":5,"column":18},"end":{"line":5,"column":19}},"loc":{"start":{"line":5,"column":71},"end":{"line":28,"column":1}},"line":5},"1":{"name":"(anonymous_1)","decl":{"start":{"line":9,"column":30},"end":{"line":9,"column":31}},"loc":{"start":{"line":9,"column":47},"end":{"line":25,"column":7}},"line":9},"2":{"name":"(anonymous_2)","decl":{"start":{"line":17,"column":69},"end":{"line":17,"column":70}},"loc":{"start":{"line":17,"column":75},"end":{"line":17,"column":98}},"line":17}},"branchMap":{"0":{"loc":{"start":{"line":11,"column":32},"end":{"line":11,"column":93}},"type":"cond-expr","locations":[{"start":{"line":11,"column":54},"end":{"line":11,"column":88}},{"start":{"line":11,"column":91},"end":{"line":11,"column":93}}],"line":11},"1":{"loc":{"start":{"line":12,"column":21},"end":{"line":12,"column":87}},"type":"cond-expr","locations":[{"start":{"line":12,"column":43},"end":{"line":12,"column":82}},{"start":{"line":12,"column":85},"end":{"line":12,"column":87}}],"line":12},"2":{"loc":{"start":{"line":15,"column":40},"end":{"line":15,"column":75}},"type":"cond-expr","locations":[{"start":{"line":15,"column":61},"end":{"line":15,"column":70}},{"start":{"line":15,"column":73},"end":{"line":15,"column":75}}],"line":15},"3":{"loc":{"start":{"line":20,"column":21},"end":{"line":20,"column":68}},"type":"cond-expr","locations":[{"start":{"line":20,"column":41},"end":{"line":20,"column":43}},{"start":{"line":20,"column":46},"end":{"line":20,"column":68}}],"line":20}},"s":{"0":3,"1":7,"2":7,"3":12,"4":12,"5":12,"6":12,"7":1},"f":{"0":7,"1":12,"2":1},"b":{"0":[10,2],"1":[10,2],"2":[2,10],"3":[2,10]},"_coverageSchema":"1a1c01bbd47fc00a2c39e90264f33305004495a9","hash":"2497a54bfb708331ec55d56ade71ee3e75e60320"}
,"C:\\Users\\Oxana\\Documents\\OPENCLASS\\projets\\green_api\\src\\components\\EncryptionNotice\\EncryptionNotice.jsx": {"path":"C:\\Users\\Oxana\\Documents\\OPENCLASS\\projets\\green_api\\src\\components\\EncryptionNotice\\EncryptionNotice.jsx","statementMap":{"0":{"start":{"line":4,"column":25},"end":{"line":17,"column":1}},"1":{"start":{"line":5,"column":2},"end":{"line":16,"column":4}}},"fnMap":{"0":{"name":"(anonymous_0)","decl":{"start":{"line":4,"column":25},"end":{"line":4,"column":26}},"loc":{"start":{"line":4,"column":31},"end":{"line":17,"column":1}},"line":4}},"branchMap":{},"s":{"0":3,"1":12},"f":{"0":12},"b":{},"_coverageSchema":"1a1c01bbd47fc00a2c39e90264f33305004495a9","hash":"e91c7365056c7f3ac63a983b1401c19b8182fceb"}
,"C:\\Users\\Oxana\\Documents\\OPENCLASS\\projets\\green_api\\src\\components\\Header\\Header.jsx": {"path":"C:\\Users\\Oxana\\Documents\\OPENCLASS\\projets\\green_api\\src\\components\\Header\\Header.jsx","statementMap":{"0":{"start":{"line":5,"column":15},"end":{"line":11,"column":1}},"1":{"start":{"line":6,"column":2},"end":{"line":10,"column":4}}},"fnMap":{"0":{"name":"(anonymous_0)","decl":{"start":{"line":5,"column":15},"end":{"line":5,"column":16}},"loc":{"start":{"line":5,"column":21},"end":{"line":11,"column":1}},"line":5}},"branchMap":{},"s":{"0":3,"1":12},"f":{"0":12},"b":{},"_coverageSchema":"1a1c01bbd47fc00a2c39e90264f33305004495a9","hash":"af9ce9dc35a6c5e7560a17d570c73aaa0a924a42"}
,"C:\\Users\\Oxana\\Documents\\OPENCLASS\\projets\\green_api\\src\\components\\LoginForm\\LoginForm.jsx": {"path":"C:\\Users\\Oxana\\Documents\\OPENCLASS\\projets\\green_api\\src\\components\\LoginForm\\LoginForm.jsx","statementMap":{"0":{"start":{"line":4,"column":18},"end":{"line":31,"column":1}},"1":{"start":{"line":5,"column":2},"end":{"line":5,"column":27}},"2":{"start":{"line":6,"column":2},"end":{"line":6,"column":28}},"3":{"start":{"line":7,"column":2},"end":{"line":30,"column":4}}},"fnMap":{"0":{"name":"(anonymous_0)","decl":{"start":{"line":4,"column":18},"end":{"line":4,"column":19}},"loc":{"start":{"line":4,"column":73},"end":{"line":31,"column":1}},"line":4}},"branchMap":{"0":{"loc":{"start":{"line":15,"column":11},"end":{"line":15,"column":100}},"type":"binary-expr","locations":[{"start":{"line":15,"column":11},"end":{"line":15,"column":34}},{"start":{"line":15,"column":38},"end":{"line":15,"column":100}}],"line":15},"1":{"loc":{"start":{"line":23,"column":11},"end":{"line":23,"column":112}},"type":"binary-expr","locations":[{"start":{"line":23,"column":11},"end":{"line":23,"column":40}},{"start":{"line":23,"column":44},"end":{"line":23,"column":112}}],"line":23}},"s":{"0":3,"1":16,"2":16,"3":16},"f":{"0":16},"b":{"0":[16,1],"1":[16,1]},"_coverageSchema":"1a1c01bbd47fc00a2c39e90264f33305004495a9","hash":"d879d96a0c4f9c7ddbec18b07f4d8cb3814dc7bb"}
,"C:\\Users\\Oxana\\Documents\\OPENCLASS\\projets\\green_api\\src\\components\\Logo\\Logo.jsx": {"path":"C:\\Users\\Oxana\\Documents\\OPENCLASS\\projets\\green_api\\src\\components\\Logo\\Logo.jsx","statementMap":{"0":{"start":{"line":4,"column":13},"end":{"line":55,"column":1}},"1":{"start":{"line":5,"column":2},"end":{"line":54,"column":4}}},"fnMap":{"0":{"name":"(anonymous_0)","decl":{"start":{"line":4,"column":13},"end":{"line":4,"column":14}},"loc":{"start":{"line":4,"column":19},"end":{"line":55,"column":1}},"line":4}},"branchMap":{},"s":{"0":4,"1":14},"f":{"0":14},"b":{},"_coverageSchema":"1a1c01bbd47fc00a2c39e90264f33305004495a9","hash":"5b2fc00e9540d7dbad08cc4c0ca1685782a6dd61"}
,"C:\\Users\\Oxana\\Documents\\OPENCLASS\\projets\\green_api\\src\\pages\\Chat\\Chat.jsx": {"path":"C:\\Users\\Oxana\\Documents\\OPENCLASS\\projets\\green_api\\src\\pages\\Chat\\Chat.jsx","statementMap":{"0":{"start":{"line":11,"column":13},"end":{"line":193,"column":1}},"1":{"start":{"line":12,"column":40},"end":{"line":12,"column":50}},"2":{"start":{"line":13,"column":46},"end":{"line":13,"column":61}},"3":{"start":{"line":14,"column":28},"end":{"line":14,"column":40}},"4":{"start":{"line":15,"column":38},"end":{"line":15,"column":52}},"5":{"start":{"line":17,"column":40},"end":{"line":17,"column":52}},"6":{"start":{"line":18,"column":52},"end":{"line":18,"column":67}},"7":{"start":{"line":19,"column":28},"end":{"line":19,"column":86}},"8":{"start":{"line":21,"column":2},"end":{"line":26,"column":9}},"9":{"start":{"line":22,"column":23},"end":{"line":22,"column":62}},"10":{"start":{"line":23,"column":25},"end":{"line":23,"column":51}},"11":{"start":{"line":23,"column":32},"end":{"line":23,"column":51}},"12":{"start":{"line":24,"column":4},"end":{"line":24,"column":56}},"13":{"start":{"line":25,"column":4},"end":{"line":25,"column":72}},"14":{"start":{"line":25,"column":17},"end":{"line":25,"column":71}},"15":{"start":{"line":28,"column":29},"end":{"line":38,"column":3}},"16":{"start":{"line":29,"column":4},"end":{"line":29,"column":49}},"17":{"start":{"line":29,"column":37},"end":{"line":29,"column":47}},"18":{"start":{"line":31,"column":4},"end":{"line":37,"column":5}},"19":{"start":{"line":32,"column":6},"end":{"line":32,"column":32}},"20":{"start":{"line":36,"column":6},"end":{"line":36,"column":33}},"21":{"start":{"line":40,"column":33},"end":{"line":49,"column":3}},"22":{"start":{"line":41,"column":4},"end":{"line":41,"column":22}},"23":{"start":{"line":42,"column":4},"end":{"line":42,"column":23}},"24":{"start":{"line":43,"column":4},"end":{"line":48,"column":5}},"25":{"start":{"line":44,"column":6},"end":{"line":44,"column":48}},"26":{"start":{"line":45,"column":6},"end":{"line":45,"column":33}},"27":{"start":{"line":46,"column":6},"end":{"line":46,"column":25}},"28":{"start":{"line":47,"column":6},"end":{"line":47,"column":51}},"29":{"start":{"line":47,"column":39},"end":{"line":47,"column":49}},"30":{"start":{"line":51,"column":28},"end":{"line":77,"column":3}},"31":{"start":{"line":52,"column":4},"end":{"line":52,"column":23}},"32":{"start":{"line":54,"column":4},"end":{"line":76,"column":5}},"33":{"start":{"line":55,"column":21},"end":{"line":59,"column":8}},"34":{"start":{"line":60,"column":6},"end":{"line":73,"column":7}},"35":{"start":{"line":61,"column":26},"end":{"line":61,"column":36}},"36":{"start":{"line":63,"column":27},"end":{"line":67,"column":9}},"37":{"start":{"line":68,"column":8},"end":{"line":71,"column":12}},"38":{"start":{"line":68,"column":33},"end":{"line":71,"column":9}},"39":{"start":{"line":72,"column":8},"end":{"line":72,"column":27}},"40":{"start":{"line":75,"column":6},"end":{"line":75,"column":23}},"41":{"start":{"line":79,"column":25},"end":{"line":83,"column":3}},"42":{"start":{"line":80,"column":4},"end":{"line":82,"column":5}},"43":{"start":{"line":81,"column":6},"end":{"line":81,"column":27}},"44":{"start":{"line":86,"column":27},"end":{"line":90,"column":3}},"45":{"start":{"line":87,"column":4},"end":{"line":87,"column":25}},"46":{"start":{"line":89,"column":4},"end":{"line":89,"column":30}},"47":{"start":{"line":92,"column":2},"end":{"line":151,"column":32}},"48":{"start":{"line":95,"column":33},"end":{"line":144,"column":5}},"49":{"start":{"line":96,"column":6},"end":{"line":143,"column":7}},"50":{"start":{"line":97,"column":8},"end":{"line":97,"column":32}},"51":{"start":{"line":97,"column":25},"end":{"line":97,"column":32}},"52":{"start":{"line":99,"column":25},"end":{"line":99,"column":63}},"53":{"start":{"line":101,"column":8},"end":{"line":104,"column":9}},"54":{"start":{"line":102,"column":10},"end":{"line":102,"column":62}},"55":{"start":{"line":103,"column":10},"end":{"line":103,"column":17}},"56":{"start":{"line":106,"column":32},"end":{"line":106,"column":55}},"57":{"start":{"line":108,"column":8},"end":{"line":110,"column":9}},"58":{"start":{"line":109,"column":10},"end":{"line":109,"column":17}},"59":{"start":{"line":112,"column":8},"end":{"line":132,"column":9}},"60":{"start":{"line":113,"column":10},"end":{"line":113,"column":159}},"61":{"start":{"line":115,"column":10},"end":{"line":131,"column":13}},"62":{"start":{"line":116,"column":33},"end":{"line":116,"column":72}},"63":{"start":{"line":119,"column":32},"end":{"line":119,"column":105}},"64":{"start":{"line":119,"column":59},"end":{"line":119,"column":104}},"65":{"start":{"line":121,"column":12},"end":{"line":123,"column":13}},"66":{"start":{"line":122,"column":14},"end":{"line":122,"column":31}},"67":{"start":{"line":125,"column":32},"end":{"line":125,"column":68}},"68":{"start":{"line":127,"column":12},"end":{"line":130,"column":14}},"69":{"start":{"line":134,"column":29},"end":{"line":134,"column":95}},"70":{"start":{"line":136,"column":8},"end":{"line":140,"column":9}},"71":{"start":{"line":137,"column":10},"end":{"line":137,"column":90}},"72":{"start":{"line":139,"column":10},"end":{"line":139,"column":55}},"73":{"start":{"line":142,"column":8},"end":{"line":142,"column":54}},"74":{"start":{"line":146,"column":4},"end":{"line":148,"column":5}},"75":{"start":{"line":147,"column":6},"end":{"line":147,"column":59}},"76":{"start":{"line":150,"column":4},"end":{"line":150,"column":43}},"77":{"start":{"line":150,"column":17},"end":{"line":150,"column":42}},"78":{"start":{"line":153,"column":2},"end":{"line":192,"column":4}}},"fnMap":{"0":{"name":"(anonymous_0)","decl":{"start":{"line":11,"column":13},"end":{"line":11,"column":14}},"loc":{"start":{"line":11,"column":34},"end":{"line":193,"column":1}},"line":11},"1":{"name":"(anonymous_1)","decl":{"start":{"line":21,"column":12},"end":{"line":21,"column":13}},"loc":{"start":{"line":21,"column":18},"end":{"line":26,"column":3}},"line":21},"2":{"name":"(anonymous_2)","decl":{"start":{"line":23,"column":25},"end":{"line":23,"column":26}},"loc":{"start":{"line":23,"column":32},"end":{"line":23,"column":51}},"line":23},"3":{"name":"(anonymous_3)","decl":{"start":{"line":25,"column":11},"end":{"line":25,"column":12}},"loc":{"start":{"line":25,"column":17},"end":{"line":25,"column":71}},"line":25},"4":{"name":"(anonymous_4)","decl":{"start":{"line":28,"column":29},"end":{"line":28,"column":30}},"loc":{"start":{"line":28,"column":35},"end":{"line":38,"column":3}},"line":28},"5":{"name":"(anonymous_5)","decl":{"start":{"line":29,"column":22},"end":{"line":29,"column":23}},"loc":{"start":{"line":29,"column":37},"end":{"line":29,"column":47}},"line":29},"6":{"name":"(anonymous_6)","decl":{"start":{"line":40,"column":33},"end":{"line":40,"column":34}},"loc":{"start":{"line":40,"column":40},"end":{"line":49,"column":3}},"line":40},"7":{"name":"(anonymous_7)","decl":{"start":{"line":47,"column":24},"end":{"line":47,"column":25}},"loc":{"start":{"line":47,"column":39},"end":{"line":47,"column":49}},"line":47},"8":{"name":"(anonymous_8)","decl":{"start":{"line":51,"column":28},"end":{"line":51,"column":29}},"loc":{"start":{"line":51,"column":41},"end":{"line":77,"column":3}},"line":51},"9":{"name":"(anonymous_9)","decl":{"start":{"line":68,"column":17},"end":{"line":68,"column":18}},"loc":{"start":{"line":68,"column":33},"end":{"line":71,"column":9}},"line":68},"10":{"name":"(anonymous_10)","decl":{"start":{"line":79,"column":25},"end":{"line":79,"column":26}},"loc":{"start":{"line":79,"column":32},"end":{"line":83,"column":3}},"line":79},"11":{"name":"(anonymous_11)","decl":{"start":{"line":86,"column":27},"end":{"line":86,"column":28}},"loc":{"start":{"line":86,"column":38},"end":{"line":90,"column":3}},"line":86},"12":{"name":"(anonymous_12)","decl":{"start":{"line":92,"column":12},"end":{"line":92,"column":13}},"loc":{"start":{"line":92,"column":18},"end":{"line":151,"column":3}},"line":92},"13":{"name":"(anonymous_13)","decl":{"start":{"line":95,"column":33},"end":{"line":95,"column":34}},"loc":{"start":{"line":95,"column":45},"end":{"line":144,"column":5}},"line":95},"14":{"name":"(anonymous_14)","decl":{"start":{"line":115,"column":19},"end":{"line":115,"column":20}},"loc":{"start":{"line":115,"column":34},"end":{"line":131,"column":11}},"line":115},"15":{"name":"(anonymous_15)","decl":{"start":{"line":119,"column":50},"end":{"line":119,"column":51}},"loc":{"start":{"line":119,"column":59},"end":{"line":119,"column":104}},"line":119},"16":{"name":"(anonymous_16)","decl":{"start":{"line":150,"column":11},"end":{"line":150,"column":12}},"loc":{"start":{"line":150,"column":17},"end":{"line":150,"column":42}},"line":150}},"branchMap":{"0":{"loc":{"start":{"line":31,"column":4},"end":{"line":37,"column":5}},"type":"if","locations":[{"start":{"line":31,"column":4},"end":{"line":37,"column":5}},{"start":{"line":35,"column":9},"end":{"line":37,"column":5}}],"line":31},"1":{"loc":{"start":{"line":43,"column":4},"end":{"line":48,"column":5}},"type":"if","locations":[{"start":{"line":43,"column":4},"end":{"line":48,"column":5}},{"start":{},"end":{}}],"line":43},"2":{"loc":{"start":{"line":43,"column":8},"end":{"line":43,"column":42}},"type":"binary-expr","locations":[{"start":{"line":43,"column":8},"end":{"line":43,"column":19}},{"start":{"line":43,"column":23},"end":{"line":43,"column":42}}],"line":43},"3":{"loc":{"start":{"line":60,"column":6},"end":{"line":73,"column":7}},"type":"if","locations":[{"start":{"line":60,"column":6},"end":{"line":73,"column":7}},{"start":{},"end":{}}],"line":60},"4":{"loc":{"start":{"line":70,"column":29},"end":{"line":70,"column":56}},"type":"binary-expr","locations":[{"start":{"line":70,"column":29},"end":{"line":70,"column":50}},{"start":{"line":70,"column":54},"end":{"line":70,"column":56}}],"line":70},"5":{"loc":{"start":{"line":80,"column":4},"end":{"line":82,"column":5}},"type":"if","locations":[{"start":{"line":80,"column":4},"end":{"line":82,"column":5}},{"start":{},"end":{}}],"line":80},"6":{"loc":{"start":{"line":97,"column":8},"end":{"line":97,"column":32}},"type":"if","locations":[{"start":{"line":97,"column":8},"end":{"line":97,"column":32}},{"start":{},"end":{}}],"line":97},"7":{"loc":{"start":{"line":101,"column":8},"end":{"line":104,"column":9}},"type":"if","locations":[{"start":{"line":101,"column":8},"end":{"line":104,"column":9}},{"start":{},"end":{}}],"line":101},"8":{"loc":{"start":{"line":101,"column":12},"end":{"line":101,"column":59}},"type":"binary-expr","locations":[{"start":{"line":101,"column":12},"end":{"line":101,"column":21}},{"start":{"line":101,"column":25},"end":{"line":101,"column":39}},{"start":{"line":101,"column":43},"end":{"line":101,"column":59}}],"line":101},"9":{"loc":{"start":{"line":108,"column":8},"end":{"line":110,"column":9}},"type":"if","locations":[{"start":{"line":108,"column":8},"end":{"line":110,"column":9}},{"start":{},"end":{}}],"line":108},"10":{"loc":{"start":{"line":112,"column":8},"end":{"line":132,"column":9}},"type":"if","locations":[{"start":{"line":112,"column":8},"end":{"line":132,"column":9}},{"start":{},"end":{}}],"line":112},"11":{"loc":{"start":{"line":112,"column":12},"end":{"line":112,"column":84}},"type":"binary-expr","locations":[{"start":{"line":112,"column":12},"end":{"line":112,"column":34}},{"start":{"line":112,"column":38},"end":{"line":112,"column":84}}],"line":112},"12":{"loc":{"start":{"line":113,"column":40},"end":{"line":113,"column":158}},"type":"cond-expr","locations":[{"start":{"line":113,"column":94},"end":{"line":113,"column":128}},{"start":{"line":113,"column":131},"end":{"line":113,"column":158}}],"line":113},"13":{"loc":{"start":{"line":116,"column":33},"end":{"line":116,"column":72}},"type":"binary-expr","locations":[{"start":{"line":116,"column":33},"end":{"line":116,"column":66}},{"start":{"line":116,"column":70},"end":{"line":116,"column":72}}],"line":116},"14":{"loc":{"start":{"line":121,"column":12},"end":{"line":123,"column":13}},"type":"if","locations":[{"start":{"line":121,"column":12},"end":{"line":123,"column":13}},{"start":{},"end":{}}],"line":121},"15":{"loc":{"start":{"line":136,"column":8},"end":{"line":140,"column":9}},"type":"if","locations":[{"start":{"line":136,"column":8},"end":{"line":140,"column":9}},{"start":{"line":138,"column":15},"end":{"line":140,"column":9}}],"line":136},"16":{"loc":{"start":{"line":146,"column":4},"end":{"line":148,"column":5}},"type":"if","locations":[{"start":{"line":146,"column":4},"end":{"line":148,"column":5}},{"start":{},"end":{}}],"line":146},"17":{"loc":{"start":{"line":157,"column":7},"end":{"line":164,"column":14}},"type":"cond-expr","locations":[{"start":{"line":158,"column":8},"end":{"line":163,"column":11}},{"start":{"line":164,"column":10},"end":{"line":164,"column":14}}],"line":157},"18":{"loc":{"start":{"line":157,"column":7},"end":{"line":157,"column":27}},"type":"binary-expr","locations":[{"start":{"line":157,"column":7},"end":{"line":157,"column":18}},{"start":{"line":157,"column":22},"end":{"line":157,"column":27}}],"line":157},"19":{"loc":{"start":{"line":166,"column":7},"end":{"line":173,"column":14}},"type":"cond-expr","locations":[{"start":{"line":167,"column":8},"end":{"line":172,"column":14}},{"start":{"line":173,"column":10},"end":{"line":173,"column":14}}],"line":166},"20":{"loc":{"start":{"line":175,"column":47},"end":{"line":175,"column":77}},"type":"cond-expr","locations":[{"start":{"line":175,"column":64},"end":{"line":175,"column":72}},{"start":{"line":175,"column":75},"end":{"line":175,"column":77}}],"line":175}},"s":{"0":2,"1":1,"2":1,"3":1,"4":1,"5":1,"6":1,"7":1,"8":1,"9":1,"10":1,"11":0,"12":1,"13":1,"14":1,"15":1,"16":0,"17":0,"18":0,"19":0,"20":0,"21":1,"22":0,"23":0,"24":0,"25":0,"26":0,"27":0,"28":0,"29":0,"30":1,"31":0,"32":0,"33":0,"34":0,"35":0,"36":0,"37":0,"38":0,"39":0,"40":0,"41":1,"42":0,"43":0,"44":1,"45":0,"46":0,"47":1,"48":1,"49":0,"50":0,"51":0,"52":0,"53":0,"54":0,"55":0,"56":0,"57":0,"58":0,"59":0,"60":0,"61":0,"62":0,"63":0,"64":0,"65":0,"66":0,"67":0,"68":0,"69":0,"70":0,"71":0,"72":0,"73":0,"74":1,"75":0,"76":1,"77":1,"78":1},"f":{"0":1,"1":1,"2":0,"3":1,"4":0,"5":0,"6":0,"7":0,"8":0,"9":0,"10":0,"11":0,"12":1,"13":0,"14":0,"15":0,"16":1},"b":{"0":[0,0],"1":[0,0],"2":[0,0],"3":[0,0],"4":[0,0],"5":[0,0],"6":[0,0],"7":[0,0],"8":[0,0,0],"9":[0,0],"10":[0,0],"11":[0,0],"12":[0,0],"13":[0,0],"14":[0,0],"15":[0,0],"16":[0,1],"17":[1,0],"18":[1,1],"19":[0,1],"20":[0,1]},"_coverageSchema":"1a1c01bbd47fc00a2c39e90264f33305004495a9","hash":"ed66a53abbebda95ed912d85776d9d3f7ea9bc80"}
,"C:\\Users\\Oxana\\Documents\\OPENCLASS\\projets\\green_api\\src\\pages\\Login\\Login.jsx": {"path":"C:\\Users\\Oxana\\Documents\\OPENCLASS\\projets\\green_api\\src\\pages\\Login\\Login.jsx","statementMap":{"0":{"start":{"line":8,"column":14},"end":{"line":60,"column":1}},"1":{"start":{"line":9,"column":48},"end":{"line":12,"column":4}},"2":{"start":{"line":14,"column":42},"end":{"line":14,"column":54}},"3":{"start":{"line":16,"column":17},"end":{"line":16,"column":30}},"4":{"start":{"line":18,"column":28},"end":{"line":24,"column":3}},"5":{"start":{"line":19,"column":28},"end":{"line":19,"column":36}},"6":{"start":{"line":20,"column":4},"end":{"line":23,"column":8}},"7":{"start":{"line":20,"column":34},"end":{"line":23,"column":5}},"8":{"start":{"line":26,"column":30},"end":{"line":39,"column":3}},"9":{"start":{"line":27,"column":19},"end":{"line":27,"column":21}},"10":{"start":{"line":29,"column":4},"end":{"line":31,"column":5}},"11":{"start":{"line":30,"column":6},"end":{"line":30,"column":56}},"12":{"start":{"line":32,"column":4},"end":{"line":34,"column":5}},"13":{"start":{"line":33,"column":6},"end":{"line":33,"column":62}},"14":{"start":{"line":36,"column":4},"end":{"line":36,"column":28}},"15":{"start":{"line":38,"column":4},"end":{"line":38,"column":44}},"16":{"start":{"line":41,"column":23},"end":{"line":51,"column":3}},"17":{"start":{"line":42,"column":4},"end":{"line":42,"column":23}},"18":{"start":{"line":43,"column":4},"end":{"line":50,"column":5}},"19":{"start":{"line":44,"column":6},"end":{"line":44,"column":38}},"20":{"start":{"line":45,"column":6},"end":{"line":45,"column":24}},"21":{"start":{"line":46,"column":6},"end":{"line":49,"column":9}},"22":{"start":{"line":53,"column":2},"end":{"line":59,"column":4}}},"fnMap":{"0":{"name":"(anonymous_0)","decl":{"start":{"line":8,"column":14},"end":{"line":8,"column":15}},"loc":{"start":{"line":8,"column":38},"end":{"line":60,"column":1}},"line":8},"1":{"name":"(anonymous_1)","decl":{"start":{"line":18,"column":28},"end":{"line":18,"column":29}},"loc":{"start":{"line":18,"column":35},"end":{"line":24,"column":3}},"line":18},"2":{"name":"(anonymous_2)","decl":{"start":{"line":20,"column":23},"end":{"line":20,"column":24}},"loc":{"start":{"line":20,"column":34},"end":{"line":23,"column":5}},"line":20},"3":{"name":"(anonymous_3)","decl":{"start":{"line":26,"column":30},"end":{"line":26,"column":31}},"loc":{"start":{"line":26,"column":68},"end":{"line":39,"column":3}},"line":26},"4":{"name":"(anonymous_4)","decl":{"start":{"line":41,"column":23},"end":{"line":41,"column":24}},"loc":{"start":{"line":41,"column":30},"end":{"line":51,"column":3}},"line":41}},"branchMap":{"0":{"loc":{"start":{"line":29,"column":4},"end":{"line":31,"column":5}},"type":"if","locations":[{"start":{"line":29,"column":4},"end":{"line":31,"column":5}},{"start":{},"end":{}}],"line":29},"1":{"loc":{"start":{"line":29,"column":8},"end":{"line":29,"column":48}},"type":"binary-expr","locations":[{"start":{"line":29,"column":8},"end":{"line":29,"column":19}},{"start":{"line":29,"column":23},"end":{"line":29,"column":48}}],"line":29},"2":{"loc":{"start":{"line":32,"column":4},"end":{"line":34,"column":5}},"type":"if","locations":[{"start":{"line":32,"column":4},"end":{"line":34,"column":5}},{"start":{},"end":{}}],"line":32},"3":{"loc":{"start":{"line":43,"column":4},"end":{"line":50,"column":5}},"type":"if","locations":[{"start":{"line":43,"column":4},"end":{"line":50,"column":5}},{"start":{},"end":{}}],"line":43}},"s":{"0":2,"1":10,"2":10,"3":10,"4":10,"5":4,"6":4,"7":4,"8":10,"9":1,"10":1,"11":0,"12":1,"13":0,"14":1,"15":1,"16":10,"17":1,"18":1,"19":1,"20":1,"21":1,"22":10},"f":{"0":10,"1":4,"2":4,"3":1,"4":1},"b":{"0":[0,1],"1":[1,1],"2":[0,1],"3":[1,0]},"_coverageSchema":"1a1c01bbd47fc00a2c39e90264f33305004495a9","hash":"51f54e2b296c76a6395907f237041fe40abbd39c"}
,"C:\\Users\\Oxana\\Documents\\OPENCLASS\\projets\\green_api\\src\\services\\auth.js": {"path":"C:\\Users\\Oxana\\Documents\\OPENCLASS\\projets\\green_api\\src\\services\\auth.js","statementMap":{"0":{"start":{"line":2,"column":2},"end":{"line":19,"column":3}},"1":{"start":{"line":3,"column":21},"end":{"line":10,"column":6}},"2":{"start":{"line":12,"column":4},"end":{"line":14,"column":5}},"3":{"start":{"line":13,"column":6},"end":{"line":13,"column":63}},"4":{"start":{"line":16,"column":4},"end":{"line":16,"column":33}},"5":{"start":{"line":18,"column":4},"end":{"line":18,"column":23}}},"fnMap":{"0":{"name":"handleAuth","decl":{"start":{"line":1,"column":22},"end":{"line":1,"column":32}},"loc":{"start":{"line":1,"column":46},"end":{"line":20,"column":1}},"line":1}},"branchMap":{"0":{"loc":{"start":{"line":12,"column":4},"end":{"line":14,"column":5}},"type":"if","locations":[{"start":{"line":12,"column":4},"end":{"line":14,"column":5}},{"start":{},"end":{}}],"line":12}},"s":{"0":0,"1":0,"2":0,"3":0,"4":0,"5":0},"f":{"0":0},"b":{"0":[0,0]}}
,"C:\\Users\\Oxana\\Documents\\OPENCLASS\\projets\\green_api\\src\\services\\message.js": {"path":"C:\\Users\\Oxana\\Documents\\OPENCLASS\\projets\\green_api\\src\\services\\message.js","statementMap":{"0":{"start":{"line":2,"column":2},"end":{"line":12,"column":3}},"1":{"start":{"line":3,"column":19},"end":{"line":3,"column":167}},"2":{"start":{"line":4,"column":4},"end":{"line":6,"column":5}},"3":{"start":{"line":5,"column":6},"end":{"line":5,"column":35}},"4":{"start":{"line":8,"column":17},"end":{"line":8,"column":38}},"5":{"start":{"line":9,"column":4},"end":{"line":9,"column":18}},"6":{"start":{"line":11,"column":4},"end":{"line":11,"column":21}},"7":{"start":{"line":16,"column":2},"end":{"line":28,"column":3}},"8":{"start":{"line":17,"column":19},"end":{"line":19,"column":6}},"9":{"start":{"line":20,"column":4},"end":{"line":22,"column":5}},"10":{"start":{"line":21,"column":6},"end":{"line":21,"column":35}},"11":{"start":{"line":24,"column":17},"end":{"line":24,"column":38}},"12":{"start":{"line":25,"column":4},"end":{"line":25,"column":18}},"13":{"start":{"line":27,"column":4},"end":{"line":27,"column":21}},"14":{"start":{"line":32,"column":2},"end":{"line":48,"column":3}},"15":{"start":{"line":33,"column":19},"end":{"line":39,"column":6}},"16":{"start":{"line":40,"column":4},"end":{"line":42,"column":5}},"17":{"start":{"line":41,"column":6},"end":{"line":41,"column":35}},"18":{"start":{"line":44,"column":17},"end":{"line":44,"column":38}},"19":{"start":{"line":45,"column":4},"end":{"line":45,"column":18}},"20":{"start":{"line":47,"column":4},"end":{"line":47,"column":21}}},"fnMap":{"0":{"name":"receiveNotification","decl":{"start":{"line":1,"column":30},"end":{"line":1,"column":49}},"loc":{"start":{"line":1,"column":63},"end":{"line":13,"column":1}},"line":1},"1":{"name":"deleteNotification","decl":{"start":{"line":15,"column":22},"end":{"line":15,"column":40}},"loc":{"start":{"line":15,"column":65},"end":{"line":29,"column":1}},"line":15},"2":{"name":"sendMessage","decl":{"start":{"line":31,"column":22},"end":{"line":31,"column":33}},"loc":{"start":{"line":31,"column":53},"end":{"line":49,"column":1}},"line":31}},"branchMap":{"0":{"loc":{"start":{"line":4,"column":4},"end":{"line":6,"column":5}},"type":"if","locations":[{"start":{"line":4,"column":4},"end":{"line":6,"column":5}},{"start":{},"end":{}}],"line":4},"1":{"loc":{"start":{"line":20,"column":4},"end":{"line":22,"column":5}},"type":"if","locations":[{"start":{"line":20,"column":4},"end":{"line":22,"column":5}},{"start":{},"end":{}}],"line":20},"2":{"loc":{"start":{"line":40,"column":4},"end":{"line":42,"column":5}},"type":"if","locations":[{"start":{"line":40,"column":4},"end":{"line":42,"column":5}},{"start":{},"end":{}}],"line":40}},"s":{"0":0,"1":0,"2":0,"3":0,"4":0,"5":0,"6":0,"7":0,"8":0,"9":0,"10":0,"11":0,"12":0,"13":0,"14":0,"15":0,"16":0,"17":0,"18":0,"19":0,"20":0},"f":{"0":0,"1":0,"2":0},"b":{"0":[0,0],"1":[0,0],"2":[0,0]},"_coverageSchema":"1a1c01bbd47fc00a2c39e90264f33305004495a9","hash":"37511fa164bdeb1da5ba382a0a845243ba9b2f3e"}
,"C:\\Users\\Oxana\\Documents\\OPENCLASS\\projets\\green_api\\src\\utils\\formatData.js": {"path":"C:\\Users\\Oxana\\Documents\\OPENCLASS\\projets\\green_api\\src\\utils\\formatData.js","statementMap":{"0":{"start":{"line":2,"column":15},"end":{"line":2,"column":34}},"1":{"start":{"line":4,"column":15},"end":{"line":4,"column":24}},"2":{"start":{"line":7,"column":2},"end":{"line":11,"column":3}},"3":{"start":{"line":8,"column":4},"end":{"line":8,"column":114}},"4":{"start":{"line":9,"column":9},"end":{"line":11,"column":3}},"5":{"start":{"line":10,"column":4},"end":{"line":10,"column":81}},"6":{"start":{"line":14,"column":28},"end":{"line":21,"column":3}},"7":{"start":{"line":23,"column":2},"end":{"line":23,"column":27}}},"fnMap":{"0":{"name":"formatMessage","decl":{"start":{"line":1,"column":24},"end":{"line":1,"column":37}},"loc":{"start":{"line":1,"column":48},"end":{"line":24,"column":1}},"line":1}},"branchMap":{"0":{"loc":{"start":{"line":2,"column":15},"end":{"line":2,"column":34}},"type":"binary-expr","locations":[{"start":{"line":2,"column":15},"end":{"line":2,"column":28}},{"start":{"line":2,"column":32},"end":{"line":2,"column":34}}],"line":2},"1":{"loc":{"start":{"line":7,"column":2},"end":{"line":11,"column":3}},"type":"if","locations":[{"start":{"line":7,"column":2},"end":{"line":11,"column":3}},{"start":{"line":9,"column":9},"end":{"line":11,"column":3}}],"line":7},"2":{"loc":{"start":{"line":7,"column":6},"end":{"line":7,"column":67}},"type":"binary-expr","locations":[{"start":{"line":7,"column":6},"end":{"line":7,"column":21}},{"start":{"line":7,"column":25},"end":{"line":7,"column":67}}],"line":7},"3":{"loc":{"start":{"line":8,"column":13},"end":{"line":8,"column":113}},"type":"cond-expr","locations":[{"start":{"line":8,"column":52},"end":{"line":8,"column":88}},{"start":{"line":8,"column":91},"end":{"line":8,"column":113}}],"line":8},"4":{"loc":{"start":{"line":9,"column":9},"end":{"line":11,"column":3}},"type":"if","locations":[{"start":{"line":9,"column":9},"end":{"line":11,"column":3}},{"start":{},"end":{}}],"line":9},"5":{"loc":{"start":{"line":10,"column":13},"end":{"line":10,"column":80}},"type":"cond-expr","locations":[{"start":{"line":10,"column":41},"end":{"line":10,"column":66}},{"start":{"line":10,"column":69},"end":{"line":10,"column":80}}],"line":10},"6":{"loc":{"start":{"line":17,"column":15},"end":{"line":17,"column":42}},"type":"binary-expr","locations":[{"start":{"line":17,"column":15},"end":{"line":17,"column":29}},{"start":{"line":17,"column":33},"end":{"line":17,"column":42}}],"line":17},"7":{"loc":{"start":{"line":18,"column":10},"end":{"line":18,"column":135}},"type":"binary-expr","locations":[{"start":{"line":18,"column":11},"end":{"line":18,"column":27}},{"start":{"line":18,"column":31},"end":{"line":18,"column":63}},{"start":{"line":18,"column":67},"end":{"line":18,"column":111}},{"start":{"line":18,"column":116},"end":{"line":18,"column":135}}],"line":18},"8":{"loc":{"start":{"line":20,"column":12},"end":{"line":20,"column":56}},"type":"binary-expr","locations":[{"start":{"line":20,"column":12},"end":{"line":20,"column":28}},{"start":{"line":20,"column":32},"end":{"line":20,"column":43}},{"start":{"line":20,"column":47},"end":{"line":20,"column":56}}],"line":20}},"s":{"0":0,"1":0,"2":0,"3":0,"4":0,"5":0,"6":0,"7":0},"f":{"0":0},"b":{"0":[0,0],"1":[0,0],"2":[0,0],"3":[0,0],"4":[0,0],"5":[0,0],"6":[0,0],"7":[0,0,0,0],"8":[0,0,0]},"_coverageSchema":"1a1c01bbd47fc00a2c39e90264f33305004495a9","hash":"bd785deff7679697c1c62d1376622ac61c982930"}
,"C:\\Users\\Oxana\\Documents\\OPENCLASS\\projets\\green_api\\src\\utils\\formatTImestamp.js": {"path":"C:\\Users\\Oxana\\Documents\\OPENCLASS\\projets\\green_api\\src\\utils\\formatTImestamp.js","statementMap":{"0":{"start":{"line":3,"column":18},"end":{"line":6,"column":3}},"1":{"start":{"line":7,"column":2},"end":{"line":13,"column":3}},"2":{"start":{"line":9,"column":4},"end":{"line":9,"column":38}},"3":{"start":{"line":12,"column":4},"end":{"line":12,"column":31}},"4":{"start":{"line":15,"column":2},"end":{"line":15,"column":46}}},"fnMap":{"0":{"name":"convertTimestamp","decl":{"start":{"line":1,"column":24},"end":{"line":1,"column":40}},"loc":{"start":{"line":1,"column":52},"end":{"line":16,"column":1}},"line":1}},"branchMap":{"0":{"loc":{"start":{"line":7,"column":2},"end":{"line":13,"column":3}},"type":"if","locations":[{"start":{"line":7,"column":2},"end":{"line":13,"column":3}},{"start":{"line":10,"column":9},"end":{"line":13,"column":3}}],"line":7}},"s":{"0":17,"1":17,"2":0,"3":17,"4":17},"f":{"0":17},"b":{"0":[0,17]},"_coverageSchema":"1a1c01bbd47fc00a2c39e90264f33305004495a9","hash":"950aa0bd800fbad6505cf23f0654d24b7655b809"}
}
